----------------------------------------------------------------------------------------------------------------------------------------------------------------------------------
      name:  <unnamed>
       log:  C:\Users\m.callaghan\Documents\GitHub\panel_methods_slides\stata_code\panel.log
  log type:  text
 opened on:  14 Oct 2015, 17:29:14

. use ../data/dataset.dta, clear  /*opening the data file path relative to wd
> where do file is located */
(Written by R.              )

. 
. 
. reg energy_consumption income_est

      Source |       SS           df       MS      Number of obs   =     7,133
-------------+----------------------------------   F(1, 7131)      =   2766.55
       Model |  2.6921e+10         1  2.6921e+10   Prob > F        =    0.0000
    Residual |  6.9391e+10     7,131  9730852.07   R-squared       =    0.2795
-------------+----------------------------------   Adj R-squared   =    0.2794
       Total |  9.6312e+10     7,132  13504151.6   Root MSE        =    3119.4

------------------------------------------------------------------------------
energy_con~n |      Coef.   Std. Err.      t    P>|t|     [95% Conf. Interval]
-------------+----------------------------------------------------------------
  income_est |   11.68066   .2220741    52.60   0.000     11.24533    12.11599
       _cons |   16142.07    139.382   115.81   0.000     15868.84     16415.3
------------------------------------------------------------------------------

. outtex, file(ols.tex) replace
file ols.tex saved

. est store ols

. graph twoway (scatter energy_consumption income_est) (lfit energy_consumption income_est)

. 
. 
. 
. 
. xtset LA_CODE MSOA_CODE
       panel variable:  LA_CODE (unbalanced)
        time variable:  MSOA_CODE, 1 to 7194
                delta:  1 unit

. xtreg energy_consumption income_est, fe

Fixed-effects (within) regression               Number of obs     =      7,133
Group variable: LA_CODE                         Number of groups  =        376

R-sq:                                           Obs per group:
     within  = 0.5160                                         min =          1
     between = 0.1057                                         avg =       19.0
     overall = 0.2795                                         max =        131

                                                F(1,6756)         =    7201.69
corr(u_i, Xb)  = -0.5247                        Prob > F          =     0.0000

------------------------------------------------------------------------------
energy_con~n |      Coef.   Std. Err.      t    P>|t|     [95% Conf. Interval]
-------------+----------------------------------------------------------------
  income_est |   20.11081   .2369803    84.86   0.000     19.64625    20.57536
       _cons |   11040.14   145.7513    75.75   0.000     10754.42    11325.86
-------------+----------------------------------------------------------------
     sigma_u |  2773.6255
     sigma_e |  2192.6781
         rho |  .61539872   (fraction of variance due to u_i)
------------------------------------------------------------------------------
F test that all u_i=0: F(375, 6756) = 20.47                  Prob > F = 0.0000

. outtex, file(fe.tex) replace
(note: file fe.tex not found)
file fe.tex saved

. est store fe

. 
. 
. 
. xi: regress energy_consumption income_est i.LA_CODE
i.LA_CODE         _ILA_CODE_1-376     (naturally coded; _ILA_CODE_1 omitted)

      Source |       SS           df       MS      Number of obs   =     7,133
-------------+----------------------------------   F(376, 6756)    =     35.31
       Model |  6.3830e+10       376   169760265   Prob > F        =    0.0000
    Residual |  3.2482e+10     6,756  4807837.42   R-squared       =    0.6627
-------------+----------------------------------   Adj R-squared   =    0.6440
       Total |  9.6312e+10     7,132  13504151.6   Root MSE        =    2192.7

-------------------------------------------------------------------------------
energy_cons~n |      Coef.   Std. Err.      t    P>|t|     [95% Conf. Interval]
--------------+----------------------------------------------------------------
   income_est |   20.11081   .2369803    84.86   0.000     19.64625    20.57536
  _ILA_CODE_2 |   6693.968   2243.532     2.98   0.003     2295.939       11092
  _ILA_CODE_3 |   8650.616   2219.289     3.90   0.000      4300.11    13001.12
  _ILA_CODE_4 |   7591.358   2231.968     3.40   0.001     3215.997    11966.72
  _ILA_CODE_5 |   9703.329   2225.352     4.36   0.000     5340.937    14065.72
  _ILA_CODE_6 |    7589.59   2220.667     3.42   0.001     3236.382     11942.8
  _ILA_CODE_7 |   2246.006    2231.68     1.01   0.314    -2128.789    6620.802
  _ILA_CODE_8 |   8300.691   2217.749     3.74   0.000     3953.205    12648.18
  _ILA_CODE_9 |    6380.59   2220.827     2.87   0.004     2027.069    10734.11
 _ILA_CODE_10 |   8320.075   2223.389     3.74   0.000     3961.532    12678.62
 _ILA_CODE_11 |   7036.522   2227.681     3.16   0.002     2669.564    11403.48
 _ILA_CODE_12 |   6264.396   2234.323     2.80   0.005     1884.418    10644.37
 _ILA_CODE_13 |   1432.832   2236.139     0.64   0.522    -2950.706     5816.37
 _ILA_CODE_14 |   7386.652   2223.547     3.32   0.001     3027.799     11745.5
 _ILA_CODE_15 |   8822.971   2227.852     3.96   0.000     4455.679    13190.26
 _ILA_CODE_16 |    8377.77   2229.415     3.76   0.000     4007.413    12748.13
 _ILA_CODE_17 |   7361.563    2226.95     3.31   0.001      2996.04    11727.09
 _ILA_CODE_18 |    6808.67   2231.858     3.05   0.002     2433.526    11183.82
 _ILA_CODE_19 |   3660.768    2240.56     1.63   0.102    -731.4358    8052.971
 _ILA_CODE_20 |  -1499.235   2244.395    -0.67   0.504    -5898.956    2900.485
 _ILA_CODE_21 |   4971.557   2246.827     2.21   0.027     567.0683    9376.045
 _ILA_CODE_22 |   4532.437   2224.295     2.04   0.042     172.1175    8892.757
 _ILA_CODE_23 |   6292.941   2223.675     2.83   0.005     1933.838    10652.04
 _ILA_CODE_24 |   4315.597   2236.122     1.93   0.054     -67.9077    8699.101
 _ILA_CODE_25 |   8451.274   2224.062     3.80   0.000     4091.412    12811.14
 _ILA_CODE_26 |   8939.403   2226.063     4.02   0.000     4575.619    13303.19
 _ILA_CODE_27 |   2127.595   2240.105     0.95   0.342    -2263.718    6518.908
 _ILA_CODE_28 |   2936.896   2226.466     1.32   0.187    -1427.679    7301.471
 _ILA_CODE_29 |   6471.476   2238.043     2.89   0.004     2084.206    10858.75
 _ILA_CODE_30 |   4381.624   2229.555     1.97   0.049      10.9937    8752.254
 _ILA_CODE_31 |   7411.345   2232.361     3.32   0.001     3035.213    11787.48
 _ILA_CODE_32 |   2111.591   2222.124     0.95   0.342    -2244.473    6467.655
 _ILA_CODE_33 |  -882.4866   2237.906    -0.39   0.693    -5269.487    3504.514
 _ILA_CODE_34 |   11767.48   2225.478     5.29   0.000     7404.839    16130.11
 _ILA_CODE_35 |   12373.28   2235.828     5.53   0.000     7990.348     16756.2
 _ILA_CODE_36 |   12303.02   2216.165     5.55   0.000     7958.634     16647.4
 _ILA_CODE_37 |   12818.14   2226.649     5.76   0.000     8453.207    17183.08
 _ILA_CODE_38 |   12433.19   2238.023     5.56   0.000     8045.958    16820.42
 _ILA_CODE_39 |    11602.9   2231.376     5.20   0.000     7228.704     15977.1
 _ILA_CODE_40 |   12659.49   2219.644     5.70   0.000      8308.29    17010.69
 _ILA_CODE_41 |   11741.21   2230.985     5.26   0.000     7367.773    16114.64
 _ILA_CODE_42 |   12286.03   2232.456     5.50   0.000     7909.714    16662.35
 _ILA_CODE_43 |   10867.63   2221.833     4.89   0.000     6512.139    15223.13
 _ILA_CODE_44 |    11074.4   2249.289     4.92   0.000     6665.084    15483.71
 _ILA_CODE_45 |   11019.38   2213.689     4.98   0.000     6679.852    15358.91
 _ILA_CODE_46 |   10893.02   2241.723     4.86   0.000     6498.535     15287.5
 _ILA_CODE_47 |   12133.36   2222.977     5.46   0.000     7775.626     16491.1
 _ILA_CODE_48 |   11713.18   2220.349     5.28   0.000     7360.593    16065.76
 _ILA_CODE_49 |   13147.62   2231.599     5.89   0.000     8772.978    17522.25
 _ILA_CODE_50 |    12761.5    2223.03     5.74   0.000     8403.658    17119.34
 _ILA_CODE_51 |   13064.54   2228.094     5.86   0.000     8696.777    17432.31
 _ILA_CODE_52 |    12288.6    2210.23     5.56   0.000     7955.853    16621.35
 _ILA_CODE_53 |   13375.59    2236.87     5.98   0.000     8990.622    17760.56
 _ILA_CODE_54 |   12895.79   2231.095     5.78   0.000     8522.139    17269.44
 _ILA_CODE_55 |   12034.37   2230.832     5.39   0.000     7661.241    16407.51
 _ILA_CODE_56 |   12196.68   2242.322     5.44   0.000     7801.025    16592.34
 _ILA_CODE_57 |    13198.2   2225.309     5.93   0.000     8835.891    17560.51
 _ILA_CODE_58 |   12846.28   2203.371     5.83   0.000     8526.977    17165.58
 _ILA_CODE_59 |   10190.28   2220.747     4.59   0.000     5836.917    14543.64
 _ILA_CODE_60 |   10960.65   2219.719     4.94   0.000       6609.3       15312
 _ILA_CODE_61 |    11300.8   2223.975     5.08   0.000      6941.11     15660.5
 _ILA_CODE_62 |   11358.31   2231.048     5.09   0.000     6984.758    15731.87
 _ILA_CODE_63 |   12570.48   2222.781     5.66   0.000     8213.126    16927.83
 _ILA_CODE_64 |   12646.58   2227.165     5.68   0.000     8280.637    17012.53
 _ILA_CODE_65 |   13616.14   2212.608     6.15   0.000     9278.733    17953.55
 _ILA_CODE_66 |   12461.53   2234.708     5.58   0.000     8080.795    16842.26
 _ILA_CODE_67 |   12261.82   2213.012     5.54   0.000     7923.615    16600.02
 _ILA_CODE_68 |   11411.29   2204.541     5.18   0.000     7089.699    15732.89
 _ILA_CODE_69 |   12294.27   2219.159     5.54   0.000     7944.018    16644.52
 _ILA_CODE_70 |   11399.39   2277.625     5.00   0.000     6934.522    15864.25
 _ILA_CODE_71 |   11555.39   2251.953     5.13   0.000     7140.853    15969.93
 _ILA_CODE_72 |   11187.96   2248.999     4.97   0.000     6779.211     15596.7
 _ILA_CODE_73 |   10672.16   2239.462     4.77   0.000     6282.105    15062.21
 _ILA_CODE_74 |   11376.61   2266.291     5.02   0.000     6933.961    15819.25
 _ILA_CODE_75 |   10092.13   2261.972     4.46   0.000     5657.949    14526.31
 _ILA_CODE_76 |     9324.7   2236.932     4.17   0.000     4939.607    13709.79
 _ILA_CODE_77 |   13099.81   2254.795     5.81   0.000     8679.701    17519.92
 _ILA_CODE_78 |   13274.23   2252.166     5.89   0.000     8859.276    17689.19
 _ILA_CODE_79 |   10172.08   2229.292     4.56   0.000     5801.967    14542.19
 _ILA_CODE_80 |   11981.48   2220.167     5.40   0.000     7629.257    16333.71
 _ILA_CODE_81 |   11138.79   2242.085     4.97   0.000     6743.601    15533.99
 _ILA_CODE_82 |   12806.43    2242.03     5.71   0.000     8411.348    17201.52
 _ILA_CODE_83 |    10482.8   2239.307     4.68   0.000     6093.048    14872.54
 _ILA_CODE_84 |   9264.302   2229.527     4.16   0.000     4893.726    13634.88
 _ILA_CODE_85 |   12514.89   2225.477     5.62   0.000     8152.252    16877.52
 _ILA_CODE_86 |   10219.29   2402.484     4.25   0.000     5509.666    14928.92
 _ILA_CODE_87 |    11225.3    2224.79     5.05   0.000     6864.012    15586.59
 _ILA_CODE_88 |   10520.12   2241.362     4.69   0.000     6126.341    14913.89
 _ILA_CODE_89 |   9758.704   2241.415     4.35   0.000     5364.823    14152.58
 _ILA_CODE_90 |   12115.73   2227.349     5.44   0.000     7749.421    16482.03
 _ILA_CODE_91 |   9216.978   2233.869     4.13   0.000     4837.891    13596.07
 _ILA_CODE_92 |    8798.17   2214.768     3.97   0.000     4456.528    13139.81
 _ILA_CODE_93 |   8500.492   2237.001     3.80   0.000     4115.266    12885.72
 _ILA_CODE_94 |   7512.572   2227.424     3.37   0.001     3146.118    11879.03
 _ILA_CODE_95 |   6982.104   2228.466     3.13   0.002     2613.609     11350.6
 _ILA_CODE_96 |   10034.43   2254.751     4.45   0.000     5614.406    14454.45
 _ILA_CODE_97 |   9776.168   2243.585     4.36   0.000     5378.035     14174.3
 _ILA_CODE_98 |   8560.588   2253.892     3.80   0.000     4142.248    12978.93
 _ILA_CODE_99 |   7664.975   2237.028     3.43   0.001     3279.696    12050.26
_ILA_CODE_100 |   8465.706   2245.601     3.77   0.000      4063.62    12867.79
_ILA_CODE_101 |    11247.7   2245.822     5.01   0.000     6845.183    15650.22
_ILA_CODE_102 |   11146.82   2257.573     4.94   0.000     6721.267    15572.38
_ILA_CODE_103 |   8141.259   2253.935     3.61   0.000     3722.837    12559.68
_ILA_CODE_104 |   7256.755    2222.26     3.27   0.001     2900.425    11613.08
_ILA_CODE_105 |   6088.535   2264.646     2.69   0.007     1649.116    10527.95
_ILA_CODE_106 |    7417.52   2246.907     3.30   0.001     3012.873    11822.17
_ILA_CODE_107 |   6969.995   2253.261     3.09   0.002     2552.893     11387.1
_ILA_CODE_108 |   7643.281   2270.588     3.37   0.001     3192.214    12094.35
_ILA_CODE_109 |   7520.272   2252.768     3.34   0.001     3104.137    11936.41
_ILA_CODE_110 |   5291.826   2246.883     2.36   0.019     887.2278    9696.424
_ILA_CODE_111 |   6644.136   2227.197     2.98   0.003     2278.128    11010.14
_ILA_CODE_112 |   6475.054    2226.62     2.91   0.004     2110.177    10839.93
_ILA_CODE_113 |   5357.178    2237.08     2.39   0.017     971.7949     9742.56
_ILA_CODE_114 |   7464.931   2228.138     3.35   0.001     3097.079    11832.78
_ILA_CODE_115 |   7860.251   2254.133     3.49   0.000     3441.439    12279.06
_ILA_CODE_116 |   11516.17   2313.294     4.98   0.000     6981.388    16050.96
_ILA_CODE_117 |   9878.919   2266.692     4.36   0.000     5435.489    14322.35
_ILA_CODE_118 |   11427.03   2266.672     5.04   0.000      6983.64    15870.42
_ILA_CODE_119 |   11491.68   2262.185     5.08   0.000      7057.08    15926.27
_ILA_CODE_120 |   11121.23   2248.392     4.95   0.000     6713.669    15528.78
_ILA_CODE_121 |   10758.32   2251.397     4.78   0.000     6344.871    15171.77
_ILA_CODE_122 |    11285.7   2251.689     5.01   0.000     6871.675    15699.72
_ILA_CODE_123 |   5416.257   2313.372     2.34   0.019     881.3197    9951.194
_ILA_CODE_124 |   11469.56   2262.437     5.07   0.000     7034.475    15904.65
_ILA_CODE_125 |   13000.27   2244.347     5.79   0.000      8600.64    17399.89
_ILA_CODE_126 |   11838.92    2229.76     5.31   0.000     7467.884    16209.95
_ILA_CODE_127 |   12811.78   2252.137     5.69   0.000     8396.884    17226.68
_ILA_CODE_128 |   11693.24   2251.518     5.19   0.000     7279.561    16106.93
_ILA_CODE_129 |   9908.363    2265.65     4.37   0.000     5466.975    14349.75
_ILA_CODE_130 |   12673.41   2230.079     5.68   0.000     8301.751    17045.06
_ILA_CODE_131 |   14066.38   2346.589     5.99   0.000      9466.33    18666.44
_ILA_CODE_132 |   12987.27   2240.167     5.80   0.000     8595.836     17378.7
_ILA_CODE_133 |   15275.06   2313.943     6.60   0.000        10739    19811.11
_ILA_CODE_134 |   11802.41   2284.338     5.17   0.000     7324.388    16280.43
_ILA_CODE_135 |   10319.98   2291.228     4.50   0.000     5828.453    14811.51
_ILA_CODE_136 |   10581.64   2248.611     4.71   0.000     6173.648    14989.62
_ILA_CODE_137 |    9347.15   2217.335     4.22   0.000     5000.474    13693.83
_ILA_CODE_138 |    6873.78   2256.585     3.05   0.002     2450.163     11297.4
_ILA_CODE_139 |   8179.161   2247.528     3.64   0.000     3773.297    12585.03
_ILA_CODE_140 |   8370.116   2260.725     3.70   0.000     3938.382    12801.85
_ILA_CODE_141 |   7556.925   2238.041     3.38   0.001     3169.659    11944.19
_ILA_CODE_142 |   9811.293   2282.243     4.30   0.000     5337.378    14285.21
_ILA_CODE_143 |   10844.62   2325.701     4.66   0.000     6285.514    15403.73
_ILA_CODE_144 |    8696.41   2239.923     3.88   0.000     4305.456    13087.36
_ILA_CODE_145 |   6616.394    2275.91     2.91   0.004     2154.894    11077.89
_ILA_CODE_146 |   8535.424   2300.265     3.71   0.000      4026.18    13044.67
_ILA_CODE_147 |   10936.49   2291.806     4.77   0.000     6443.822    15429.15
_ILA_CODE_148 |   7006.078   2247.245     3.12   0.002     2600.769    11411.39
_ILA_CODE_149 |   5743.438   2249.763     2.55   0.011     1333.194    10153.68
_ILA_CODE_150 |   9491.592   2257.135     4.21   0.000     5066.897    13916.29
_ILA_CODE_151 |   10506.39   2270.206     4.63   0.000     6056.069    14956.71
_ILA_CODE_152 |   9011.832    2265.79     3.98   0.000     4570.169    13453.49
_ILA_CODE_153 |   9748.078   2283.498     4.27   0.000     5271.703    14224.45
_ILA_CODE_154 |    12564.7   2244.606     5.60   0.000     8164.568    16964.84
_ILA_CODE_155 |   10018.45   2253.555     4.45   0.000     5600.769    14436.13
_ILA_CODE_156 |   9550.675   2276.876     4.19   0.000     5087.281    14014.07
_ILA_CODE_157 |   8987.465   2277.014     3.95   0.000     4523.799    13451.13
_ILA_CODE_158 |   8652.483   2292.201     3.77   0.000     4159.046    13145.92
_ILA_CODE_159 |     9805.9   2284.098     4.29   0.000     5328.347    14283.45
_ILA_CODE_160 |   6512.503   2313.394     2.82   0.005     1977.522    11047.48
_ILA_CODE_161 |   10824.97   2277.385     4.75   0.000     6360.581    15289.37
_ILA_CODE_162 |  -10249.27   3101.147    -3.30   0.001     -16328.5   -4170.045
_ILA_CODE_163 |   12599.36   2284.066     5.52   0.000     8121.874    17076.85
_ILA_CODE_164 |   8778.439   2301.491     3.81   0.000     4266.792    13290.09
_ILA_CODE_165 |   11859.83   2277.188     5.21   0.000      7395.82    16323.83
_ILA_CODE_166 |   12232.03    2327.69     5.26   0.000     7669.022    16795.04
_ILA_CODE_167 |   13551.56   2452.912     5.52   0.000      8743.08    18360.04
_ILA_CODE_168 |   11204.48   2270.815     4.93   0.000     6752.964    15655.99
_ILA_CODE_169 |   11270.92   2261.591     4.98   0.000     6837.486    15704.35
_ILA_CODE_170 |   12445.46   2302.063     5.41   0.000     7932.687    16958.22
_ILA_CODE_171 |   10701.15   2277.625     4.70   0.000     6236.291    15166.02
_ILA_CODE_172 |   12073.99   2300.699     5.25   0.000     7563.896    16584.09
_ILA_CODE_173 |   9805.815   2266.027     4.33   0.000     5363.688    14247.94
_ILA_CODE_174 |   13010.22   2283.419     5.70   0.000     8533.998    17486.44
_ILA_CODE_175 |    12215.1   2277.028     5.36   0.000     7751.404    16678.79
_ILA_CODE_176 |   9429.007   2291.126     4.12   0.000     4937.677    13920.34
_ILA_CODE_177 |   9594.443   2254.284     4.26   0.000     5175.336    14013.55
_ILA_CODE_178 |   6484.219   2265.927     2.86   0.004     2042.287    10926.15
_ILA_CODE_179 |   9494.132   2291.527     4.14   0.000     5002.016    13986.25
_ILA_CODE_180 |   9629.476   2284.019     4.22   0.000     5152.079    14106.87
_ILA_CODE_181 |   9144.517   2283.394     4.00   0.000     4668.345    13620.69
_ILA_CODE_182 |   8733.831    2250.96     3.88   0.000     4321.239    13146.42
_ILA_CODE_183 |   8633.958   2453.437     3.52   0.000     3824.449    13443.47
_ILA_CODE_184 |   10529.44   2345.287     4.49   0.000     5931.941    15126.94
_ILA_CODE_185 |    8826.69   2345.468     3.76   0.000     4228.834    13424.55
_ILA_CODE_186 |   10721.06    2282.95     4.70   0.000     6245.763    15196.37
_ILA_CODE_187 |     9501.6   2326.846     4.08   0.000     4940.248    14062.95
_ILA_CODE_188 |   8674.463   2369.466     3.66   0.000     4029.563    13319.36
_ILA_CODE_189 |   8988.916   2283.627     3.94   0.000     4512.288    13465.54
_ILA_CODE_190 |   7506.125   2312.869     3.25   0.001     2972.172    12040.08
_ILA_CODE_191 |   11996.83   2345.686     5.11   0.000     7398.542    16595.11
_ILA_CODE_192 |   14531.09   2292.434     6.34   0.000      10037.2    19024.99
_ILA_CODE_193 |   12663.36    2283.85     5.54   0.000     8186.295    17140.43
_ILA_CODE_194 |   13784.85   2278.255     6.05   0.000     9318.749    18250.94
_ILA_CODE_195 |   12188.67   2284.424     5.34   0.000     7710.476    16666.86
_ILA_CODE_196 |   14329.61   2686.981     5.33   0.000     9062.278    19596.94
_ILA_CODE_197 |   13362.48   2327.996     5.74   0.000     8798.872    17926.08
_ILA_CODE_198 |   7018.017   2283.641     3.07   0.002     2541.362    11494.67
_ILA_CODE_199 |   8176.876   2291.905     3.57   0.000     3684.019    12669.73
_ILA_CODE_200 |   8335.126   2276.289     3.66   0.000     3872.883    12797.37
_ILA_CODE_201 |   10404.16   2291.288     4.54   0.000     5912.516    14895.81
_ILA_CODE_202 |   9027.947    2244.59     4.02   0.000     4627.842    13428.05
_ILA_CODE_203 |   8844.812   2243.102     3.94   0.000     4447.625       13242
_ILA_CODE_204 |   8186.791   2253.497     3.63   0.000     3769.226    12604.36
_ILA_CODE_205 |   9908.033   2311.513     4.29   0.000     5376.739    14439.33
_ILA_CODE_206 |   11908.97   2283.307     5.22   0.000     7432.974    16384.97
_ILA_CODE_207 |   7760.732   2244.635     3.46   0.001     3360.539    12160.92
_ILA_CODE_208 |    8548.16   2244.995     3.81   0.000     4147.262    12949.06
_ILA_CODE_209 |   11380.85   2256.766     5.04   0.000     6956.881    15804.83
_ILA_CODE_210 |   7808.183   2291.498     3.41   0.001     3316.125    12300.24
_ILA_CODE_211 |   9577.847   2326.318     4.12   0.000     5017.531    14138.16
_ILA_CODE_212 |   10820.47   2300.445     4.70   0.000     6310.872    15330.07
_ILA_CODE_213 |   10856.16   2254.707     4.81   0.000     6436.222    15276.09
_ILA_CODE_214 |   9318.315    2311.41     4.03   0.000     4787.223    13849.41
_ILA_CODE_215 |   7597.529   2265.583     3.35   0.001     3156.271    12038.79
_ILA_CODE_216 |   11566.14   2290.884     5.05   0.000     7075.285    16056.99
_ILA_CODE_217 |   11505.38   2300.966     5.00   0.000     6994.762       16016
_ILA_CODE_218 |   7980.945   2265.922     3.52   0.000     3539.024    12422.87
_ILA_CODE_219 |   9804.612   2265.388     4.33   0.000     5363.737    14245.49
_ILA_CODE_220 |   8652.381   2312.052     3.74   0.000     4120.031    13184.73
_ILA_CODE_221 |   5383.969   2242.089     2.40   0.016      988.768     9779.17
_ILA_CODE_222 |   8332.311   2264.704     3.68   0.000     3892.778    12771.85
_ILA_CODE_223 |   6385.198   2264.984     2.82   0.005     1945.115    10825.28
_ILA_CODE_224 |   5161.922   2269.831     2.27   0.023     712.3386    9611.506
_ILA_CODE_225 |   5107.221   2300.532     2.22   0.026     597.4533    9616.988
_ILA_CODE_226 |   6853.759   2290.196     2.99   0.003     2364.253    11343.27
_ILA_CODE_227 |    7216.01   2257.139     3.20   0.001     2791.307    11640.71
_ILA_CODE_228 |    8441.95   2240.493     3.77   0.000     4049.877    12834.02
_ILA_CODE_229 |   6512.664   2282.533     2.85   0.004     2038.179    10987.15
_ILA_CODE_230 |   6223.719   2264.706     2.75   0.006     1784.182    10663.26
_ILA_CODE_231 |   6678.969    2269.71     2.94   0.003     2229.622    11128.32
_ILA_CODE_232 |   8124.018   2276.059     3.57   0.000     3662.224    12585.81
_ILA_CODE_233 |   8097.307   2242.257     3.61   0.000     3701.776    12492.84
_ILA_CODE_234 |   7647.925   2252.854     3.39   0.001     3231.621    12064.23
_ILA_CODE_235 |   9195.081   2275.653     4.04   0.000     4734.083    13656.08
_ILA_CODE_236 |   7692.371   2265.058     3.40   0.001     3252.143     12132.6
_ILA_CODE_237 |   6668.935   2246.828     2.97   0.003     2264.443    11073.43
_ILA_CODE_238 |   7391.067   2283.313     3.24   0.001     2915.054    11867.08
_ILA_CODE_239 |   9451.036   2282.264     4.14   0.000      4977.08    13924.99
_ILA_CODE_240 |   8044.898   2282.625     3.52   0.000     3570.233    12519.56
_ILA_CODE_241 |   8163.901   2260.598     3.61   0.000     3732.418    12595.39
_ILA_CODE_242 |   7190.349   2270.187     3.17   0.002     2740.067    11640.63
_ILA_CODE_243 |   8856.534   2253.709     3.93   0.000     4438.554    13274.51
_ILA_CODE_244 |   7628.276   2276.197     3.35   0.001     3166.212    12090.34
_ILA_CODE_245 |    8155.58   2270.837     3.59   0.000     3704.024    12607.14
_ILA_CODE_246 |   8538.789   2276.365     3.75   0.000     4076.397    13001.18
_ILA_CODE_247 |   6874.918   2249.933     3.06   0.002      2464.34     11285.5
_ILA_CODE_248 |   9282.111   2264.704     4.10   0.000     4842.578    13721.65
_ILA_CODE_249 |   8496.413   2276.571     3.73   0.000     4033.615    12959.21
_ILA_CODE_250 |   8272.662   2257.332     3.66   0.000      3847.58    12697.74
_ILA_CODE_251 |   9136.352    2257.95     4.05   0.000     4710.058    13562.65
_ILA_CODE_252 |   6735.867   2275.658     2.96   0.003     2274.859    11196.87
_ILA_CODE_253 |   8164.112   2269.844     3.60   0.000     3714.501    12613.72
_ILA_CODE_254 |   11819.05   2277.318     5.19   0.000     7354.791    16283.31
_ILA_CODE_255 |   11082.09   2270.745     4.88   0.000     6630.715    15533.47
_ILA_CODE_256 |   12451.75    2312.42     5.38   0.000     7918.675    16984.82
_ILA_CODE_257 |   11405.34   2313.143     4.93   0.000     6870.848    15939.83
_ILA_CODE_258 |   10906.79   2251.305     4.84   0.000     6493.522    15320.06
_ILA_CODE_259 |   11724.26   2277.296     5.15   0.000      7260.04    16188.48
_ILA_CODE_260 |   10789.21   2257.828     4.78   0.000     6363.151    15215.26
_ILA_CODE_261 |    12631.8   2326.426     5.43   0.000     8071.272    17192.33
_ILA_CODE_262 |   13954.87    2312.84     6.03   0.000     9420.971    18488.76
_ILA_CODE_263 |   10405.23   2257.402     4.61   0.000     5980.014    14830.45
_ILA_CODE_264 |   13124.45   2265.949     5.79   0.000     8682.473    17566.42
_ILA_CODE_265 |   12729.51   2271.279     5.60   0.000     8277.086    17181.93
_ILA_CODE_266 |   10200.43   2283.114     4.47   0.000     5724.804    14676.05
_ILA_CODE_267 |   10114.99   2243.034     4.51   0.000     5717.933    14512.04
_ILA_CODE_268 |   10606.79   2300.155     4.61   0.000     6097.757    15115.81
_ILA_CODE_269 |   9783.866   2270.642     4.31   0.000     5332.692    14235.04
_ILA_CODE_270 |   10598.38   2369.206     4.47   0.000     5953.992    15242.77
_ILA_CODE_271 |   11700.49   2276.683     5.14   0.000     7237.478    16163.51
_ILA_CODE_272 |   11365.99   2345.079     4.85   0.000     6768.898    15963.08
_ILA_CODE_273 |    11904.7   2346.198     5.07   0.000      7305.41    16503.99
_ILA_CODE_274 |   13460.85   2255.042     5.97   0.000     9040.252    17881.44
_ILA_CODE_275 |   8842.996   2292.256     3.86   0.000     4349.452    13336.54
_ILA_CODE_276 |    9994.44   2283.458     4.38   0.000     5518.143    14470.74
_ILA_CODE_277 |   12208.51   2292.059     5.33   0.000     7715.349    16701.67
_ILA_CODE_278 |   9390.016    2261.21     4.15   0.000     4957.332     13822.7
_ILA_CODE_279 |   11213.65   2291.572     4.89   0.000     6721.442    15705.85
_ILA_CODE_280 |   8069.281   2270.984     3.55   0.000     3617.436    12521.13
_ILA_CODE_281 |   8945.567   2261.161     3.96   0.000     4512.979    13378.15
_ILA_CODE_282 |   7825.171   2277.356     3.44   0.001     3360.837    12289.51
_ILA_CODE_283 |   8689.759   2261.765     3.84   0.000     4255.987    13123.53
_ILA_CODE_284 |   8670.404   2283.957     3.80   0.000     4193.129    13147.68
_ILA_CODE_285 |   7408.257   2277.097     3.25   0.001      2944.43    11872.08
_ILA_CODE_286 |   8939.646   2276.324     3.93   0.000     4477.334    13401.96
_ILA_CODE_287 |   11947.48   2346.001     5.09   0.000      7348.58    16546.38
_ILA_CODE_288 |   10106.02   2300.213     4.39   0.000     5596.873    14615.16
_ILA_CODE_289 |   9438.432   2300.538     4.10   0.000     4928.652    13948.21
_ILA_CODE_290 |   10052.15   2291.342     4.39   0.000     5560.397     14543.9
_ILA_CODE_291 |   8757.813   2229.054     3.93   0.000     4388.166    13127.46
_ILA_CODE_292 |   8855.584    2290.54     3.87   0.000     4365.405    13345.76
_ILA_CODE_293 |   10114.25   2301.247     4.40   0.000     5603.078    14625.42
_ILA_CODE_294 |   13488.34   2452.932     5.50   0.000     8679.817    18296.86
_ILA_CODE_295 |   13055.17   2533.811     5.15   0.000     8088.101    18022.24
_ILA_CODE_296 |   10339.76   2291.806     4.51   0.000     5847.095    14832.42
_ILA_CODE_297 |   15868.77   2344.778     6.77   0.000     11272.26    20465.27
_ILA_CODE_298 |    14780.5   2402.689     6.15   0.000     10070.47    19490.53
_ILA_CODE_299 |   12168.06   2327.957     5.23   0.000     7604.534    16731.59
_ILA_CODE_300 |   12405.96   2327.011     5.33   0.000      7844.28    16967.63
_ILA_CODE_301 |   10881.78   2291.157     4.75   0.000     6390.392    15373.17
_ILA_CODE_302 |   12295.43   2245.039     5.48   0.000     7894.444    16696.41
_ILA_CODE_303 |   12042.19   2452.485     4.91   0.000     7234.544    16849.83
_ILA_CODE_304 |    12547.3   2345.724     5.35   0.000     7948.943    17145.66
_ILA_CODE_305 |   12836.67   2271.947     5.65   0.000     8382.939     17290.4
_ILA_CODE_306 |   11385.86    2300.95     4.95   0.000     6875.271    15896.45
_ILA_CODE_307 |   12528.38   2262.319     5.54   0.000     8093.522    16963.24
_ILA_CODE_308 |   12478.11   2266.384     5.51   0.000     8035.287    16920.94
_ILA_CODE_309 |   10534.11   2265.895     4.65   0.000     6092.241    14975.98
_ILA_CODE_310 |   11541.63   2265.988     5.09   0.000     7099.581    15983.68
_ILA_CODE_311 |   12778.54   2277.698     5.61   0.000     8313.532    17243.54
_ILA_CODE_312 |   11781.15   2276.831     5.17   0.000     7317.849    16244.46
_ILA_CODE_313 |   10394.67   2265.074     4.59   0.000     5954.414    14834.93
_ILA_CODE_314 |   6853.483   2249.892     3.05   0.002     2442.985    11263.98
_ILA_CODE_315 |   7059.731   2253.242     3.13   0.002     2642.666     11476.8
_ILA_CODE_316 |   7406.804   2246.872     3.30   0.001     3002.226    11811.38
_ILA_CODE_317 |   6708.911   2264.653     2.96   0.003     2269.479    11148.34
_ILA_CODE_318 |   8265.947   2264.781     3.65   0.000     3826.263    12705.63
_ILA_CODE_319 |   10126.17   2345.099     4.32   0.000     5529.033     14723.3
_ILA_CODE_320 |   10910.35   2369.615     4.60   0.000     6265.154    15555.54
_ILA_CODE_321 |   12737.84   2403.593     5.30   0.000     8026.042    17449.64
_ILA_CODE_322 |   9424.504   2276.863     4.14   0.000     4961.135    13887.87
_ILA_CODE_323 |   11418.13   2453.164     4.65   0.000     6609.159    16227.11
_ILA_CODE_324 |   9814.096   2270.848     4.32   0.000     5362.518    14265.67
_ILA_CODE_325 |   8869.875   2271.002     3.91   0.000     4417.996    13321.76
_ILA_CODE_326 |   9069.987   2239.167     4.05   0.000     4680.513    13459.46
_ILA_CODE_327 |   7977.285   2270.882     3.51   0.000     3525.641    12428.93
_ILA_CODE_328 |   10662.85   2403.942     4.44   0.000     5950.369    15375.34
_ILA_CODE_329 |   12410.62   2277.145     5.45   0.000       7946.7    16874.55
_ILA_CODE_330 |   10129.81   2266.021     4.47   0.000     5687.692    14571.92
_ILA_CODE_331 |   11816.17   2283.059     5.18   0.000     7340.654    16291.69
_ILA_CODE_332 |   12957.79   2261.948     5.73   0.000     8523.656    17391.92
_ILA_CODE_333 |   11583.44   2270.693     5.10   0.000     7132.169    16034.72
_ILA_CODE_334 |    11259.1   2261.312     4.98   0.000     6826.219    15691.99
_ILA_CODE_335 |   13644.37   2277.062     5.99   0.000      9180.61    18108.13
_ILA_CODE_336 |   9567.396   2301.128     4.16   0.000      5056.46    14078.33
_ILA_CODE_337 |   9093.358   2290.955     3.97   0.000     4602.364    13584.35
_ILA_CODE_338 |   6251.617   2344.935     2.67   0.008     1654.804    10848.43
_ILA_CODE_339 |     7750.6   2261.539     3.43   0.001     3317.271    12183.93
_ILA_CODE_340 |   4794.729   2311.998     2.07   0.038     262.4835    9326.975
_ILA_CODE_341 |   8198.673   2270.354     3.61   0.000     3748.063    12649.28
_ILA_CODE_342 |   8782.513   2265.448     3.88   0.000     4341.521     13223.5
_ILA_CODE_343 |   8924.561    2266.31     3.94   0.000      4481.88    13367.24
_ILA_CODE_344 |   8403.981   2252.805     3.73   0.000     3987.773    12820.19
_ILA_CODE_345 |   8484.672   2311.333     3.67   0.000     3953.732    13015.61
_ILA_CODE_346 |   7340.288    2252.79     3.26   0.001     2924.109    11756.47
_ILA_CODE_347 |     9362.1   2275.467     4.11   0.000     4901.467    13822.73
_ILA_CODE_348 |   8685.243   2252.831     3.86   0.000     4268.985     13101.5
_ILA_CODE_349 |   8565.562   2299.797     3.72   0.000     4057.235    13073.89
_ILA_CODE_350 |   7959.376   2275.806     3.50   0.000     3498.078    12420.67
_ILA_CODE_351 |   7449.246   2282.239     3.26   0.001     2975.339    11923.15
_ILA_CODE_352 |   9951.132   2290.226     4.35   0.000     5461.568     14440.7
_ILA_CODE_353 |   9240.388    2256.25     4.10   0.000     4817.427    13663.35
_ILA_CODE_354 |   6615.714   2282.221     2.90   0.004     2141.841    11089.59
_ILA_CODE_355 |   12347.88   2345.503     5.26   0.000     7749.955     16945.8
_ILA_CODE_356 |   10286.01    2258.01     4.56   0.000     5859.598    14712.42
_ILA_CODE_357 |   10525.41   2283.439     4.61   0.000     6049.154    15001.67
_ILA_CODE_358 |   9928.679   2276.165     4.36   0.000     5466.679    14390.68
_ILA_CODE_359 |    9016.97   2265.326     3.98   0.000     4576.217    13457.72
_ILA_CODE_360 |   7153.033     2326.8     3.07   0.002     2591.771    11714.29
_ILA_CODE_361 |   8781.426   2250.709     3.90   0.000     4369.327    13193.52
_ILA_CODE_362 |   8373.058   2282.733     3.67   0.000     3898.182    12847.93
_ILA_CODE_363 |   6084.255   2276.102     2.67   0.008     1622.377    10546.13
_ILA_CODE_364 |   6365.941   2260.203     2.82   0.005     1935.231    10796.65
_ILA_CODE_365 |    6643.86   2256.316     2.94   0.003      2220.77    11066.95
_ILA_CODE_366 |   7644.669   2276.385     3.36   0.001     3182.236     12107.1
_ILA_CODE_367 |   9965.466    2344.77     4.25   0.000     5368.979    14561.95
_ILA_CODE_368 |   8376.598   2265.101     3.70   0.000     3936.286    12816.91
_ILA_CODE_369 |   8366.702   2260.937     3.70   0.000     3934.552    12798.85
_ILA_CODE_370 |   9915.134   2253.811     4.40   0.000     5496.955    14333.31
_ILA_CODE_371 |   12128.07   2270.264     5.34   0.000     7677.642    16578.51
_ILA_CODE_372 |   10390.24   2291.215     4.53   0.000     5898.731    14881.74
_ILA_CODE_373 |   9323.627   2276.781     4.10   0.000     4860.419    13786.83
_ILA_CODE_374 |   7686.401   2270.761     3.38   0.001     3234.993    12137.81
_ILA_CODE_375 |   9795.827   2250.494     4.35   0.000     5384.149    14207.51
_ILA_CODE_376 |   10414.76   2271.134     4.59   0.000     5962.621     14866.9
        _cons |   1412.273   2203.027     0.64   0.522    -2906.354      5730.9
-------------------------------------------------------------------------------

. outtex, file(lsdv.tex) replace
(note: file lsdv.tex not found)
file lsdv.tex saved

. est store lsdv

. predict energy_consumption_fitted
(option xb assumed; fitted values)

. 
. separate energy_consumption, by(LA_CODE)

              storage   display    value
variable name   type    format     label      variable label
----------------------------------------------------------------------------------------------------------------------------------------------------------------------------------
energy_consu~n1 int     %9.0g                 energy_consumption, LA_CODE == 00AA
energy_consu~n2 int     %9.0g                 energy_consumption, LA_CODE == 00AB
energy_consu~n3 long    %9.0g                 energy_consumption, LA_CODE == 00AC
energy_consu~n4 int     %9.0g                 energy_consumption, LA_CODE == 00AD
energy_consu~n5 long    %9.0g                 energy_consumption, LA_CODE == 00AE
energy_consu~n6 long    %9.0g                 energy_consumption, LA_CODE == 00AF
energy_consu~n7 int     %9.0g                 energy_consumption, LA_CODE == 00AG
energy_consu~n8 long    %9.0g                 energy_consumption, LA_CODE == 00AH
energy_consu~n9 int     %9.0g                 energy_consumption, LA_CODE == 00AJ
energy_cons~n10 long    %9.0g                 energy_consumption, LA_CODE == 00AK
energy_cons~n11 int     %9.0g                 energy_consumption, LA_CODE == 00AL
energy_cons~n12 int     %9.0g                 energy_consumption, LA_CODE == 00AM
energy_cons~n13 int     %9.0g                 energy_consumption, LA_CODE == 00AN
energy_cons~n14 int     %9.0g                 energy_consumption, LA_CODE == 00AP
energy_cons~n15 long    %9.0g                 energy_consumption, LA_CODE == 00AQ
energy_cons~n16 long    %9.0g                 energy_consumption, LA_CODE == 00AR
energy_cons~n17 long    %9.0g                 energy_consumption, LA_CODE == 00AS
energy_cons~n18 int     %9.0g                 energy_consumption, LA_CODE == 00AT
energy_cons~n19 int     %9.0g                 energy_consumption, LA_CODE == 00AU
energy_cons~n20 int     %9.0g                 energy_consumption, LA_CODE == 00AW
energy_cons~n21 long    %9.0g                 energy_consumption, LA_CODE == 00AX
energy_cons~n22 int     %9.0g                 energy_consumption, LA_CODE == 00AY
energy_cons~n23 int     %9.0g                 energy_consumption, LA_CODE == 00AZ
energy_cons~n24 long    %9.0g                 energy_consumption, LA_CODE == 00BA
energy_cons~n25 int     %9.0g                 energy_consumption, LA_CODE == 00BB
energy_cons~n26 int     %9.0g                 energy_consumption, LA_CODE == 00BC
energy_cons~n27 long    %9.0g                 energy_consumption, LA_CODE == 00BD
energy_cons~n28 int     %9.0g                 energy_consumption, LA_CODE == 00BE
energy_cons~n29 long    %9.0g                 energy_consumption, LA_CODE == 00BF
energy_cons~n30 int     %9.0g                 energy_consumption, LA_CODE == 00BG
energy_cons~n31 int     %9.0g                 energy_consumption, LA_CODE == 00BH
energy_cons~n32 int     %9.0g                 energy_consumption, LA_CODE == 00BJ
energy_cons~n33 int     %9.0g                 energy_consumption, LA_CODE == 00BK
energy_cons~n34 long    %9.0g                 energy_consumption, LA_CODE == 00BL
energy_cons~n35 long    %9.0g                 energy_consumption, LA_CODE == 00BM
energy_cons~n36 int     %9.0g                 energy_consumption, LA_CODE == 00BN
energy_cons~n37 int     %9.0g                 energy_consumption, LA_CODE == 00BP
energy_cons~n38 long    %9.0g                 energy_consumption, LA_CODE == 00BQ
energy_cons~n39 int     %9.0g                 energy_consumption, LA_CODE == 00BR
energy_cons~n40 long    %9.0g                 energy_consumption, LA_CODE == 00BS
energy_cons~n41 int     %9.0g                 energy_consumption, LA_CODE == 00BT
energy_cons~n42 long    %9.0g                 energy_consumption, LA_CODE == 00BU
energy_cons~n43 int     %9.0g                 energy_consumption, LA_CODE == 00BW
energy_cons~n44 int     %9.0g                 energy_consumption, LA_CODE == 00BX
energy_cons~n45 long    %9.0g                 energy_consumption, LA_CODE == 00BY
energy_cons~n46 int     %9.0g                 energy_consumption, LA_CODE == 00BZ
energy_cons~n47 int     %9.0g                 energy_consumption, LA_CODE == 00CA
energy_cons~n48 long    %9.0g                 energy_consumption, LA_CODE == 00CB
energy_cons~n49 int     %9.0g                 energy_consumption, LA_CODE == 00CC
energy_cons~n50 int     %9.0g                 energy_consumption, LA_CODE == 00CE
energy_cons~n51 int     %9.0g                 energy_consumption, LA_CODE == 00CF
energy_cons~n52 long    %9.0g                 energy_consumption, LA_CODE == 00CG
energy_cons~n53 int     %9.0g                 energy_consumption, LA_CODE == 00CH
energy_cons~n54 int     %9.0g                 energy_consumption, LA_CODE == 00CJ
energy_cons~n55 long    %9.0g                 energy_consumption, LA_CODE == 00CK
energy_cons~n56 int     %9.0g                 energy_consumption, LA_CODE == 00CL
energy_cons~n57 int     %9.0g                 energy_consumption, LA_CODE == 00CM
energy_cons~n58 long    %9.0g                 energy_consumption, LA_CODE == 00CN
energy_cons~n59 int     %9.0g                 energy_consumption, LA_CODE == 00CQ
energy_cons~n60 int     %9.0g                 energy_consumption, LA_CODE == 00CR
energy_cons~n61 int     %9.0g                 energy_consumption, LA_CODE == 00CS
energy_cons~n62 long    %9.0g                 energy_consumption, LA_CODE == 00CT
energy_cons~n63 long    %9.0g                 energy_consumption, LA_CODE == 00CU
energy_cons~n64 int     %9.0g                 energy_consumption, LA_CODE == 00CW
energy_cons~n65 int     %9.0g                 energy_consumption, LA_CODE == 00CX
energy_cons~n66 int     %9.0g                 energy_consumption, LA_CODE == 00CY
energy_cons~n67 int     %9.0g                 energy_consumption, LA_CODE == 00CZ
energy_cons~n68 long    %9.0g                 energy_consumption, LA_CODE == 00DA
energy_cons~n69 int     %9.0g                 energy_consumption, LA_CODE == 00DB
energy_cons~n70 int     %9.0g                 energy_consumption, LA_CODE == 00EB
energy_cons~n71 int     %9.0g                 energy_consumption, LA_CODE == 00EC
energy_cons~n72 int     %9.0g                 energy_consumption, LA_CODE == 00EE
energy_cons~n73 int     %9.0g                 energy_consumption, LA_CODE == 00EF
energy_cons~n74 int     %9.0g                 energy_consumption, LA_CODE == 00EH
energy_cons~n75 int     %9.0g                 energy_consumption, LA_CODE == 00ET
energy_cons~n76 long    %9.0g                 energy_consumption, LA_CODE == 00EU
energy_cons~n77 int     %9.0g                 energy_consumption, LA_CODE == 00EX
energy_cons~n78 int     %9.0g                 energy_consumption, LA_CODE == 00EY
energy_cons~n79 int     %9.0g                 energy_consumption, LA_CODE == 00FA
energy_cons~n80 int     %9.0g                 energy_consumption, LA_CODE == 00FB
energy_cons~n81 int     %9.0g                 energy_consumption, LA_CODE == 00FC
energy_cons~n82 int     %9.0g                 energy_consumption, LA_CODE == 00FD
energy_cons~n83 int     %9.0g                 energy_consumption, LA_CODE == 00FF
energy_cons~n84 int     %9.0g                 energy_consumption, LA_CODE == 00FK
energy_cons~n85 int     %9.0g                 energy_consumption, LA_CODE == 00FN
energy_cons~n86 int     %9.0g                 energy_consumption, LA_CODE == 00FP
energy_cons~n87 int     %9.0g                 energy_consumption, LA_CODE == 00FY
energy_cons~n88 int     %9.0g                 energy_consumption, LA_CODE == 00GA
energy_cons~n89 int     %9.0g                 energy_consumption, LA_CODE == 00GF
energy_cons~n90 int     %9.0g                 energy_consumption, LA_CODE == 00GL
energy_cons~n91 int     %9.0g                 energy_consumption, LA_CODE == 00HA
energy_cons~n92 int     %9.0g                 energy_consumption, LA_CODE == 00HB
energy_cons~n93 int     %9.0g                 energy_consumption, LA_CODE == 00HC
energy_cons~n94 int     %9.0g                 energy_consumption, LA_CODE == 00HD
energy_cons~n95 int     %9.0g                 energy_consumption, LA_CODE == 00HG
energy_cons~n96 int     %9.0g                 energy_consumption, LA_CODE == 00HH
energy_cons~n97 int     %9.0g                 energy_consumption, LA_CODE == 00HN
energy_cons~n98 int     %9.0g                 energy_consumption, LA_CODE == 00HP
energy_cons~n99 int     %9.0g                 energy_consumption, LA_CODE == 00HX
energy_cons~100 int     %9.0g                 energy_consumption, LA_CODE == 00JA
energy_cons~101 int     %9.0g                 energy_consumption, LA_CODE == 00KA
energy_cons~102 int     %9.0g                 energy_consumption, LA_CODE == 00KF
energy_cons~103 int     %9.0g                 energy_consumption, LA_CODE == 00KG
energy_cons~104 int     %9.0g                 energy_consumption, LA_CODE == 00LC
energy_cons~105 int     %9.0g                 energy_consumption, LA_CODE == 00MA
energy_cons~106 long    %9.0g                 energy_consumption, LA_CODE == 00MB
energy_cons~107 int     %9.0g                 energy_consumption, LA_CODE == 00MC
energy_cons~108 int     %9.0g                 energy_consumption, LA_CODE == 00MD
energy_cons~109 long    %9.0g                 energy_consumption, LA_CODE == 00ME
energy_cons~110 int     %9.0g                 energy_consumption, LA_CODE == 00MF
energy_cons~111 int     %9.0g                 energy_consumption, LA_CODE == 00MG
energy_cons~112 int     %9.0g                 energy_consumption, LA_CODE == 00ML
energy_cons~113 int     %9.0g                 energy_consumption, LA_CODE == 00MR
energy_cons~114 int     %9.0g                 energy_consumption, LA_CODE == 00MS
energy_cons~115 int     %9.0g                 energy_consumption, LA_CODE == 00MW
energy_cons~116 int     %9.0g                 energy_consumption, LA_CODE == 00NA
energy_cons~117 int     %9.0g                 energy_consumption, LA_CODE == 00NC
energy_cons~118 int     %9.0g                 energy_consumption, LA_CODE == 00NE
energy_cons~119 int     %9.0g                 energy_consumption, LA_CODE == 00NG
energy_cons~120 int     %9.0g                 energy_consumption, LA_CODE == 00NJ
energy_cons~121 int     %9.0g                 energy_consumption, LA_CODE == 00NL
energy_cons~122 int     %9.0g                 energy_consumption, LA_CODE == 00NN
energy_cons~123 int     %9.0g                 energy_consumption, LA_CODE == 00NQ
energy_cons~124 int     %9.0g                 energy_consumption, LA_CODE == 00NS
energy_cons~125 int     %9.0g                 energy_consumption, LA_CODE == 00NU
energy_cons~126 int     %9.0g                 energy_consumption, LA_CODE == 00NX
energy_cons~127 int     %9.0g                 energy_consumption, LA_CODE == 00NZ
energy_cons~128 int     %9.0g                 energy_consumption, LA_CODE == 00PB
energy_cons~129 int     %9.0g                 energy_consumption, LA_CODE == 00PD
energy_cons~130 int     %9.0g                 energy_consumption, LA_CODE == 00PF
energy_cons~131 int     %9.0g                 energy_consumption, LA_CODE == 00PH
energy_cons~132 int     %9.0g                 energy_consumption, LA_CODE == 00PK
energy_cons~133 int     %9.0g                 energy_consumption, LA_CODE == 00PL
energy_cons~134 int     %9.0g                 energy_consumption, LA_CODE == 00PM
energy_cons~135 int     %9.0g                 energy_consumption, LA_CODE == 00PP
energy_cons~136 int     %9.0g                 energy_consumption, LA_CODE == 00PR
energy_cons~137 int     %9.0g                 energy_consumption, LA_CODE == 00PT
energy_cons~138 int     %9.0g                 energy_consumption, LA_CODE == 09UC
energy_cons~139 int     %9.0g                 energy_consumption, LA_CODE == 09UD
energy_cons~140 int     %9.0g                 energy_consumption, LA_CODE == 09UE
energy_cons~141 long    %9.0g                 energy_consumption, LA_CODE == 11UB
energy_cons~142 long    %9.0g                 energy_consumption, LA_CODE == 11UC
energy_cons~143 long    %9.0g                 energy_consumption, LA_CODE == 11UE
energy_cons~144 long    %9.0g                 energy_consumption, LA_CODE == 11UF
energy_cons~145 int     %9.0g                 energy_consumption, LA_CODE == 12UB
energy_cons~146 int     %9.0g                 energy_consumption, LA_CODE == 12UC
energy_cons~147 int     %9.0g                 energy_consumption, LA_CODE == 12UD
energy_cons~148 int     %9.0g                 energy_consumption, LA_CODE == 12UE
energy_cons~149 int     %9.0g                 energy_consumption, LA_CODE == 12UG
energy_cons~150 int     %9.0g                 energy_consumption, LA_CODE == 13UB
energy_cons~151 int     %9.0g                 energy_consumption, LA_CODE == 13UC
energy_cons~152 int     %9.0g                 energy_consumption, LA_CODE == 13UD
energy_cons~153 int     %9.0g                 energy_consumption, LA_CODE == 13UE
energy_cons~154 long    %9.0g                 energy_consumption, LA_CODE == 13UG
energy_cons~155 int     %9.0g                 energy_consumption, LA_CODE == 13UH
energy_cons~156 long    %9.0g                 energy_consumption, LA_CODE == 15UB
energy_cons~157 long    %9.0g                 energy_consumption, LA_CODE == 15UC
energy_cons~158 int     %9.0g                 energy_consumption, LA_CODE == 15UD
energy_cons~159 int     %9.0g                 energy_consumption, LA_CODE == 15UE
energy_cons~160 int     %9.0g                 energy_consumption, LA_CODE == 15UF
energy_cons~161 int     %9.0g                 energy_consumption, LA_CODE == 15UG
energy_cons~162 int     %9.0g                 energy_consumption, LA_CODE == 15UH
energy_cons~163 int     %9.0g                 energy_consumption, LA_CODE == 16UB
energy_cons~164 int     %9.0g                 energy_consumption, LA_CODE == 16UC
energy_cons~165 int     %9.0g                 energy_consumption, LA_CODE == 16UD
energy_cons~166 int     %9.0g                 energy_consumption, LA_CODE == 16UE
energy_cons~167 int     %9.0g                 energy_consumption, LA_CODE == 16UF
energy_cons~168 int     %9.0g                 energy_consumption, LA_CODE == 16UG
energy_cons~169 int     %9.0g                 energy_consumption, LA_CODE == 17UB
energy_cons~170 int     %9.0g                 energy_consumption, LA_CODE == 17UC
energy_cons~171 int     %9.0g                 energy_consumption, LA_CODE == 17UD
energy_cons~172 int     %9.0g                 energy_consumption, LA_CODE == 17UF
energy_cons~173 int     %9.0g                 energy_consumption, LA_CODE == 17UG
energy_cons~174 int     %9.0g                 energy_consumption, LA_CODE == 17UH
energy_cons~175 int     %9.0g                 energy_consumption, LA_CODE == 17UJ
energy_cons~176 int     %9.0g                 energy_consumption, LA_CODE == 17UK
energy_cons~177 int     %9.0g                 energy_consumption, LA_CODE == 18UB
energy_cons~178 int     %9.0g                 energy_consumption, LA_CODE == 18UC
energy_cons~179 int     %9.0g                 energy_consumption, LA_CODE == 18UD
energy_cons~180 int     %9.0g                 energy_consumption, LA_CODE == 18UE
energy_cons~181 int     %9.0g                 energy_consumption, LA_CODE == 18UG
energy_cons~182 int     %9.0g                 energy_consumption, LA_CODE == 18UH
energy_cons~183 int     %9.0g                 energy_consumption, LA_CODE == 18UK
energy_cons~184 int     %9.0g                 energy_consumption, LA_CODE == 18UL
energy_cons~185 int     %9.0g                 energy_consumption, LA_CODE == 19UC
energy_cons~186 int     %9.0g                 energy_consumption, LA_CODE == 19UD
energy_cons~187 int     %9.0g                 energy_consumption, LA_CODE == 19UE
energy_cons~188 int     %9.0g                 energy_consumption, LA_CODE == 19UG
energy_cons~189 int     %9.0g                 energy_consumption, LA_CODE == 19UH
energy_cons~190 int     %9.0g                 energy_consumption, LA_CODE == 19UJ
energy_cons~191 int     %9.0g                 energy_consumption, LA_CODE == 20UB
energy_cons~192 int     %9.0g                 energy_consumption, LA_CODE == 20UD
energy_cons~193 int     %9.0g                 energy_consumption, LA_CODE == 20UE
energy_cons~194 int     %9.0g                 energy_consumption, LA_CODE == 20UF
energy_cons~195 int     %9.0g                 energy_consumption, LA_CODE == 20UG
energy_cons~196 int     %9.0g                 energy_consumption, LA_CODE == 20UH
energy_cons~197 int     %9.0g                 energy_consumption, LA_CODE == 20UJ
energy_cons~198 int     %9.0g                 energy_consumption, LA_CODE == 21UC
energy_cons~199 int     %9.0g                 energy_consumption, LA_CODE == 21UD
energy_cons~200 int     %9.0g                 energy_consumption, LA_CODE == 21UF
energy_cons~201 int     %9.0g                 energy_consumption, LA_CODE == 21UG
energy_cons~202 int     %9.0g                 energy_consumption, LA_CODE == 21UH
energy_cons~203 int     %9.0g                 energy_consumption, LA_CODE == 22UB
energy_cons~204 int     %9.0g                 energy_consumption, LA_CODE == 22UC
energy_cons~205 long    %9.0g                 energy_consumption, LA_CODE == 22UD
energy_cons~206 int     %9.0g                 energy_consumption, LA_CODE == 22UE
energy_cons~207 long    %9.0g                 energy_consumption, LA_CODE == 22UF
energy_cons~208 int     %9.0g                 energy_consumption, LA_CODE == 22UG
energy_cons~209 long    %9.0g                 energy_consumption, LA_CODE == 22UH
energy_cons~210 int     %9.0g                 energy_consumption, LA_CODE == 22UJ
energy_cons~211 int     %9.0g                 energy_consumption, LA_CODE == 22UK
energy_cons~212 int     %9.0g                 energy_consumption, LA_CODE == 22UL
energy_cons~213 int     %9.0g                 energy_consumption, LA_CODE == 22UN
energy_cons~214 int     %9.0g                 energy_consumption, LA_CODE == 22UQ
energy_cons~215 int     %9.0g                 energy_consumption, LA_CODE == 23UB
energy_cons~216 long    %9.0g                 energy_consumption, LA_CODE == 23UC
energy_cons~217 long    %9.0g                 energy_consumption, LA_CODE == 23UD
energy_cons~218 int     %9.0g                 energy_consumption, LA_CODE == 23UE
energy_cons~219 int     %9.0g                 energy_consumption, LA_CODE == 23UF
energy_cons~220 int     %9.0g                 energy_consumption, LA_CODE == 23UG
energy_cons~221 int     %9.0g                 energy_consumption, LA_CODE == 24UB
energy_cons~222 long    %9.0g                 energy_consumption, LA_CODE == 24UC
energy_cons~223 int     %9.0g                 energy_consumption, LA_CODE == 24UD
energy_cons~224 int     %9.0g                 energy_consumption, LA_CODE == 24UE
energy_cons~225 int     %9.0g                 energy_consumption, LA_CODE == 24UF
energy_cons~226 int     %9.0g                 energy_consumption, LA_CODE == 24UG
energy_cons~227 int     %9.0g                 energy_consumption, LA_CODE == 24UH
energy_cons~228 int     %9.0g                 energy_consumption, LA_CODE == 24UJ
energy_cons~229 int     %9.0g                 energy_consumption, LA_CODE == 24UL
energy_cons~230 int     %9.0g                 energy_consumption, LA_CODE == 24UN
energy_cons~231 int     %9.0g                 energy_consumption, LA_CODE == 24UP
energy_cons~232 int     %9.0g                 energy_consumption, LA_CODE == 26UB
energy_cons~233 int     %9.0g                 energy_consumption, LA_CODE == 26UC
energy_cons~234 int     %9.0g                 energy_consumption, LA_CODE == 26UD
energy_cons~235 long    %9.0g                 energy_consumption, LA_CODE == 26UE
energy_cons~236 int     %9.0g                 energy_consumption, LA_CODE == 26UF
energy_cons~237 int     %9.0g                 energy_consumption, LA_CODE == 26UG
energy_cons~238 int     %9.0g                 energy_consumption, LA_CODE == 26UH
energy_cons~239 long    %9.0g                 energy_consumption, LA_CODE == 26UJ
energy_cons~240 int     %9.0g                 energy_consumption, LA_CODE == 26UK
energy_cons~241 long    %9.0g                 energy_consumption, LA_CODE == 26UL
energy_cons~242 int     %9.0g                 energy_consumption, LA_CODE == 29UB
energy_cons~243 int     %9.0g                 energy_consumption, LA_CODE == 29UC
energy_cons~244 int     %9.0g                 energy_consumption, LA_CODE == 29UD
energy_cons~245 int     %9.0g                 energy_consumption, LA_CODE == 29UE
energy_cons~246 int     %9.0g                 energy_consumption, LA_CODE == 29UG
energy_cons~247 int     %9.0g                 energy_consumption, LA_CODE == 29UH
energy_cons~248 long    %9.0g                 energy_consumption, LA_CODE == 29UK
energy_cons~249 int     %9.0g                 energy_consumption, LA_CODE == 29UL
energy_cons~250 int     %9.0g                 energy_consumption, LA_CODE == 29UM
energy_cons~251 int     %9.0g                 energy_consumption, LA_CODE == 29UN
energy_cons~252 int     %9.0g                 energy_consumption, LA_CODE == 29UP
energy_cons~253 int     %9.0g                 energy_consumption, LA_CODE == 29UQ
energy_cons~254 int     %9.0g                 energy_consumption, LA_CODE == 30UD
energy_cons~255 int     %9.0g                 energy_consumption, LA_CODE == 30UE
energy_cons~256 int     %9.0g                 energy_consumption, LA_CODE == 30UF
energy_cons~257 int     %9.0g                 energy_consumption, LA_CODE == 30UG
energy_cons~258 int     %9.0g                 energy_consumption, LA_CODE == 30UH
energy_cons~259 int     %9.0g                 energy_consumption, LA_CODE == 30UJ
energy_cons~260 int     %9.0g                 energy_consumption, LA_CODE == 30UK
energy_cons~261 long    %9.0g                 energy_consumption, LA_CODE == 30UL
energy_cons~262 int     %9.0g                 energy_consumption, LA_CODE == 30UM
energy_cons~263 int     %9.0g                 energy_consumption, LA_CODE == 30UN
energy_cons~264 int     %9.0g                 energy_consumption, LA_CODE == 30UP
energy_cons~265 int     %9.0g                 energy_consumption, LA_CODE == 30UQ
energy_cons~266 int     %9.0g                 energy_consumption, LA_CODE == 31UB
energy_cons~267 int     %9.0g                 energy_consumption, LA_CODE == 31UC
energy_cons~268 int     %9.0g                 energy_consumption, LA_CODE == 31UD
energy_cons~269 int     %9.0g                 energy_consumption, LA_CODE == 31UE
energy_cons~270 int     %9.0g                 energy_consumption, LA_CODE == 31UG
energy_cons~271 int     %9.0g                 energy_consumption, LA_CODE == 31UH
energy_cons~272 long    %9.0g                 energy_consumption, LA_CODE == 31UJ
energy_cons~273 int     %9.0g                 energy_consumption, LA_CODE == 32UB
energy_cons~274 long    %9.0g                 energy_consumption, LA_CODE == 32UC
energy_cons~275 int     %9.0g                 energy_consumption, LA_CODE == 32UD
energy_cons~276 int     %9.0g                 energy_consumption, LA_CODE == 32UE
energy_cons~277 int     %9.0g                 energy_consumption, LA_CODE == 32UF
energy_cons~278 int     %9.0g                 energy_consumption, LA_CODE == 32UG
energy_cons~279 int     %9.0g                 energy_consumption, LA_CODE == 32UH
energy_cons~280 int     %9.0g                 energy_consumption, LA_CODE == 33UB
energy_cons~281 int     %9.0g                 energy_consumption, LA_CODE == 33UC
energy_cons~282 int     %9.0g                 energy_consumption, LA_CODE == 33UD
energy_cons~283 int     %9.0g                 energy_consumption, LA_CODE == 33UE
energy_cons~284 int     %9.0g                 energy_consumption, LA_CODE == 33UF
energy_cons~285 int     %9.0g                 energy_consumption, LA_CODE == 33UG
energy_cons~286 int     %9.0g                 energy_consumption, LA_CODE == 33UH
energy_cons~287 int     %9.0g                 energy_consumption, LA_CODE == 34UB
energy_cons~288 int     %9.0g                 energy_consumption, LA_CODE == 34UC
energy_cons~289 int     %9.0g                 energy_consumption, LA_CODE == 34UD
energy_cons~290 int     %9.0g                 energy_consumption, LA_CODE == 34UE
energy_cons~291 int     %9.0g                 energy_consumption, LA_CODE == 34UF
energy_cons~292 int     %9.0g                 energy_consumption, LA_CODE == 34UG
energy_cons~293 int     %9.0g                 energy_consumption, LA_CODE == 34UH
energy_cons~294 int     %9.0g                 energy_consumption, LA_CODE == 35UB
energy_cons~295 int     %9.0g                 energy_consumption, LA_CODE == 35UC
energy_cons~296 int     %9.0g                 energy_consumption, LA_CODE == 35UD
energy_cons~297 long    %9.0g                 energy_consumption, LA_CODE == 35UE
energy_cons~298 long    %9.0g                 energy_consumption, LA_CODE == 35UF
energy_cons~299 int     %9.0g                 energy_consumption, LA_CODE == 35UG
energy_cons~300 int     %9.0g                 energy_consumption, LA_CODE == 36UB
energy_cons~301 int     %9.0g                 energy_consumption, LA_CODE == 36UC
energy_cons~302 long    %9.0g                 energy_consumption, LA_CODE == 36UD
energy_cons~303 int     %9.0g                 energy_consumption, LA_CODE == 36UE
energy_cons~304 int     %9.0g                 energy_consumption, LA_CODE == 36UF
energy_cons~305 int     %9.0g                 energy_consumption, LA_CODE == 36UG
energy_cons~306 int     %9.0g                 energy_consumption, LA_CODE == 36UH
energy_cons~307 int     %9.0g                 energy_consumption, LA_CODE == 37UB
energy_cons~308 long    %9.0g                 energy_consumption, LA_CODE == 37UC
energy_cons~309 int     %9.0g                 energy_consumption, LA_CODE == 37UD
energy_cons~310 int     %9.0g                 energy_consumption, LA_CODE == 37UE
energy_cons~311 int     %9.0g                 energy_consumption, LA_CODE == 37UF
energy_cons~312 int     %9.0g                 energy_consumption, LA_CODE == 37UG
energy_cons~313 int     %9.0g                 energy_consumption, LA_CODE == 37UJ
energy_cons~314 int     %9.0g                 energy_consumption, LA_CODE == 38UB
energy_cons~315 int     %9.0g                 energy_consumption, LA_CODE == 38UC
energy_cons~316 long    %9.0g                 energy_consumption, LA_CODE == 38UD
energy_cons~317 int     %9.0g                 energy_consumption, LA_CODE == 38UE
energy_cons~318 int     %9.0g                 energy_consumption, LA_CODE == 38UF
energy_cons~319 int     %9.0g                 energy_consumption, LA_CODE == 39UB
energy_cons~320 int     %9.0g                 energy_consumption, LA_CODE == 39UC
energy_cons~321 long    %9.0g                 energy_consumption, LA_CODE == 39UD
energy_cons~322 int     %9.0g                 energy_consumption, LA_CODE == 39UE
energy_cons~323 int     %9.0g                 energy_consumption, LA_CODE == 39UF
energy_cons~324 int     %9.0g                 energy_consumption, LA_CODE == 40UB
energy_cons~325 int     %9.0g                 energy_consumption, LA_CODE == 40UC
energy_cons~326 int     %9.0g                 energy_consumption, LA_CODE == 40UD
energy_cons~327 int     %9.0g                 energy_consumption, LA_CODE == 40UE
energy_cons~328 int     %9.0g                 energy_consumption, LA_CODE == 40UF
energy_cons~329 int     %9.0g                 energy_consumption, LA_CODE == 41UB
energy_cons~330 int     %9.0g                 energy_consumption, LA_CODE == 41UC
energy_cons~331 long    %9.0g                 energy_consumption, LA_CODE == 41UD
energy_cons~332 long    %9.0g                 energy_consumption, LA_CODE == 41UE
energy_cons~333 int     %9.0g                 energy_consumption, LA_CODE == 41UF
energy_cons~334 int     %9.0g                 energy_consumption, LA_CODE == 41UG
energy_cons~335 int     %9.0g                 energy_consumption, LA_CODE == 41UH
energy_cons~336 int     %9.0g                 energy_consumption, LA_CODE == 41UK
energy_cons~337 int     %9.0g                 energy_consumption, LA_CODE == 42UB
energy_cons~338 int     %9.0g                 energy_consumption, LA_CODE == 42UC
energy_cons~339 int     %9.0g                 energy_consumption, LA_CODE == 42UD
energy_cons~340 int     %9.0g                 energy_consumption, LA_CODE == 42UE
energy_cons~341 int     %9.0g                 energy_consumption, LA_CODE == 42UF
energy_cons~342 int     %9.0g                 energy_consumption, LA_CODE == 42UG
energy_cons~343 int     %9.0g                 energy_consumption, LA_CODE == 42UH
energy_cons~344 long    %9.0g                 energy_consumption, LA_CODE == 43UB
energy_cons~345 long    %9.0g                 energy_consumption, LA_CODE == 43UC
energy_cons~346 long    %9.0g                 energy_consumption, LA_CODE == 43UD
energy_cons~347 int     %9.0g                 energy_consumption, LA_CODE == 43UE
energy_cons~348 long    %9.0g                 energy_consumption, LA_CODE == 43UF
energy_cons~349 long    %9.0g                 energy_consumption, LA_CODE == 43UG
energy_cons~350 int     %9.0g                 energy_consumption, LA_CODE == 43UH
energy_cons~351 long    %9.0g                 energy_consumption, LA_CODE == 43UJ
energy_cons~352 int     %9.0g                 energy_consumption, LA_CODE == 43UK
energy_cons~353 long    %9.0g                 energy_consumption, LA_CODE == 43UL
energy_cons~354 long    %9.0g                 energy_consumption, LA_CODE == 43UM
energy_cons~355 int     %9.0g                 energy_consumption, LA_CODE == 44UB
energy_cons~356 int     %9.0g                 energy_consumption, LA_CODE == 44UC
energy_cons~357 int     %9.0g                 energy_consumption, LA_CODE == 44UD
energy_cons~358 long    %9.0g                 energy_consumption, LA_CODE == 44UE
energy_cons~359 int     %9.0g                 energy_consumption, LA_CODE == 44UF
energy_cons~360 int     %9.0g                 energy_consumption, LA_CODE == 45UB
energy_cons~361 int     %9.0g                 energy_consumption, LA_CODE == 45UC
energy_cons~362 int     %9.0g                 energy_consumption, LA_CODE == 45UD
energy_cons~363 int     %9.0g                 energy_consumption, LA_CODE == 45UE
energy_cons~364 long    %9.0g                 energy_consumption, LA_CODE == 45UF
energy_cons~365 int     %9.0g                 energy_consumption, LA_CODE == 45UG
energy_cons~366 int     %9.0g                 energy_consumption, LA_CODE == 45UH
energy_cons~367 int     %9.0g                 energy_consumption, LA_CODE == 46UB
energy_cons~368 int     %9.0g                 energy_consumption, LA_CODE == 46UC
energy_cons~369 int     %9.0g                 energy_consumption, LA_CODE == 46UD
energy_cons~370 long    %9.0g                 energy_consumption, LA_CODE == 46UF
energy_cons~371 long    %9.0g                 energy_consumption, LA_CODE == 47UB
energy_cons~372 int     %9.0g                 energy_consumption, LA_CODE == 47UC
energy_cons~373 int     %9.0g                 energy_consumption, LA_CODE == 47UD
energy_cons~374 int     %9.0g                 energy_consumption, LA_CODE == 47UE
energy_cons~375 int     %9.0g                 energy_consumption, LA_CODE == 47UF
energy_cons~376 int     %9.0g                 energy_consumption, LA_CODE == 47UG

. separate energy_consumption_fitted, by(LA_CODE)

              storage   display    value
variable name   type    format     label      variable label
----------------------------------------------------------------------------------------------------------------------------------------------------------------------------------
energy_consu~d1 int     %9.0g                 energy_consumption_fitted, LA_CODE == 00AA
energy_consu~d2 float   %9.0g                 energy_consumption_fitted, LA_CODE == 00AB
energy_consu~d3 float   %9.0g                 energy_consumption_fitted, LA_CODE == 00AC
energy_consu~d4 float   %9.0g                 energy_consumption_fitted, LA_CODE == 00AD
energy_consu~d5 float   %9.0g                 energy_consumption_fitted, LA_CODE == 00AE
energy_consu~d6 float   %9.0g                 energy_consumption_fitted, LA_CODE == 00AF
energy_consu~d7 float   %9.0g                 energy_consumption_fitted, LA_CODE == 00AG
energy_consu~d8 float   %9.0g                 energy_consumption_fitted, LA_CODE == 00AH
energy_consu~d9 float   %9.0g                 energy_consumption_fitted, LA_CODE == 00AJ
energy_cons~d10 float   %9.0g                 energy_consumption_fitted, LA_CODE == 00AK
energy_cons~d11 float   %9.0g                 energy_consumption_fitted, LA_CODE == 00AL
energy_cons~d12 float   %9.0g                 energy_consumption_fitted, LA_CODE == 00AM
energy_cons~d13 float   %9.0g                 energy_consumption_fitted, LA_CODE == 00AN
energy_cons~d14 float   %9.0g                 energy_consumption_fitted, LA_CODE == 00AP
energy_cons~d15 float   %9.0g                 energy_consumption_fitted, LA_CODE == 00AQ
energy_cons~d16 float   %9.0g                 energy_consumption_fitted, LA_CODE == 00AR
energy_cons~d17 float   %9.0g                 energy_consumption_fitted, LA_CODE == 00AS
energy_cons~d18 float   %9.0g                 energy_consumption_fitted, LA_CODE == 00AT
energy_cons~d19 float   %9.0g                 energy_consumption_fitted, LA_CODE == 00AU
energy_cons~d20 float   %9.0g                 energy_consumption_fitted, LA_CODE == 00AW
energy_cons~d21 float   %9.0g                 energy_consumption_fitted, LA_CODE == 00AX
energy_cons~d22 float   %9.0g                 energy_consumption_fitted, LA_CODE == 00AY
energy_cons~d23 float   %9.0g                 energy_consumption_fitted, LA_CODE == 00AZ
energy_cons~d24 float   %9.0g                 energy_consumption_fitted, LA_CODE == 00BA
energy_cons~d25 float   %9.0g                 energy_consumption_fitted, LA_CODE == 00BB
energy_cons~d26 float   %9.0g                 energy_consumption_fitted, LA_CODE == 00BC
energy_cons~d27 float   %9.0g                 energy_consumption_fitted, LA_CODE == 00BD
energy_cons~d28 float   %9.0g                 energy_consumption_fitted, LA_CODE == 00BE
energy_cons~d29 float   %9.0g                 energy_consumption_fitted, LA_CODE == 00BF
energy_cons~d30 float   %9.0g                 energy_consumption_fitted, LA_CODE == 00BG
energy_cons~d31 float   %9.0g                 energy_consumption_fitted, LA_CODE == 00BH
energy_cons~d32 float   %9.0g                 energy_consumption_fitted, LA_CODE == 00BJ
energy_cons~d33 float   %9.0g                 energy_consumption_fitted, LA_CODE == 00BK
energy_cons~d34 float   %9.0g                 energy_consumption_fitted, LA_CODE == 00BL
energy_cons~d35 float   %9.0g                 energy_consumption_fitted, LA_CODE == 00BM
energy_cons~d36 float   %9.0g                 energy_consumption_fitted, LA_CODE == 00BN
energy_cons~d37 float   %9.0g                 energy_consumption_fitted, LA_CODE == 00BP
energy_cons~d38 float   %9.0g                 energy_consumption_fitted, LA_CODE == 00BQ
energy_cons~d39 float   %9.0g                 energy_consumption_fitted, LA_CODE == 00BR
energy_cons~d40 float   %9.0g                 energy_consumption_fitted, LA_CODE == 00BS
energy_cons~d41 float   %9.0g                 energy_consumption_fitted, LA_CODE == 00BT
energy_cons~d42 float   %9.0g                 energy_consumption_fitted, LA_CODE == 00BU
energy_cons~d43 float   %9.0g                 energy_consumption_fitted, LA_CODE == 00BW
energy_cons~d44 float   %9.0g                 energy_consumption_fitted, LA_CODE == 00BX
energy_cons~d45 float   %9.0g                 energy_consumption_fitted, LA_CODE == 00BY
energy_cons~d46 float   %9.0g                 energy_consumption_fitted, LA_CODE == 00BZ
energy_cons~d47 float   %9.0g                 energy_consumption_fitted, LA_CODE == 00CA
energy_cons~d48 float   %9.0g                 energy_consumption_fitted, LA_CODE == 00CB
energy_cons~d49 float   %9.0g                 energy_consumption_fitted, LA_CODE == 00CC
energy_cons~d50 float   %9.0g                 energy_consumption_fitted, LA_CODE == 00CE
energy_cons~d51 float   %9.0g                 energy_consumption_fitted, LA_CODE == 00CF
energy_cons~d52 float   %9.0g                 energy_consumption_fitted, LA_CODE == 00CG
energy_cons~d53 float   %9.0g                 energy_consumption_fitted, LA_CODE == 00CH
energy_cons~d54 float   %9.0g                 energy_consumption_fitted, LA_CODE == 00CJ
energy_cons~d55 float   %9.0g                 energy_consumption_fitted, LA_CODE == 00CK
energy_cons~d56 float   %9.0g                 energy_consumption_fitted, LA_CODE == 00CL
energy_cons~d57 float   %9.0g                 energy_consumption_fitted, LA_CODE == 00CM
energy_cons~d58 float   %9.0g                 energy_consumption_fitted, LA_CODE == 00CN
energy_cons~d59 float   %9.0g                 energy_consumption_fitted, LA_CODE == 00CQ
energy_cons~d60 float   %9.0g                 energy_consumption_fitted, LA_CODE == 00CR
energy_cons~d61 float   %9.0g                 energy_consumption_fitted, LA_CODE == 00CS
energy_cons~d62 float   %9.0g                 energy_consumption_fitted, LA_CODE == 00CT
energy_cons~d63 float   %9.0g                 energy_consumption_fitted, LA_CODE == 00CU
energy_cons~d64 float   %9.0g                 energy_consumption_fitted, LA_CODE == 00CW
energy_cons~d65 float   %9.0g                 energy_consumption_fitted, LA_CODE == 00CX
energy_cons~d66 float   %9.0g                 energy_consumption_fitted, LA_CODE == 00CY
energy_cons~d67 float   %9.0g                 energy_consumption_fitted, LA_CODE == 00CZ
energy_cons~d68 float   %9.0g                 energy_consumption_fitted, LA_CODE == 00DA
energy_cons~d69 float   %9.0g                 energy_consumption_fitted, LA_CODE == 00DB
energy_cons~d70 float   %9.0g                 energy_consumption_fitted, LA_CODE == 00EB
energy_cons~d71 float   %9.0g                 energy_consumption_fitted, LA_CODE == 00EC
energy_cons~d72 float   %9.0g                 energy_consumption_fitted, LA_CODE == 00EE
energy_cons~d73 float   %9.0g                 energy_consumption_fitted, LA_CODE == 00EF
energy_cons~d74 float   %9.0g                 energy_consumption_fitted, LA_CODE == 00EH
energy_cons~d75 float   %9.0g                 energy_consumption_fitted, LA_CODE == 00ET
energy_cons~d76 float   %9.0g                 energy_consumption_fitted, LA_CODE == 00EU
energy_cons~d77 float   %9.0g                 energy_consumption_fitted, LA_CODE == 00EX
energy_cons~d78 float   %9.0g                 energy_consumption_fitted, LA_CODE == 00EY
energy_cons~d79 float   %9.0g                 energy_consumption_fitted, LA_CODE == 00FA
energy_cons~d80 float   %9.0g                 energy_consumption_fitted, LA_CODE == 00FB
energy_cons~d81 float   %9.0g                 energy_consumption_fitted, LA_CODE == 00FC
energy_cons~d82 float   %9.0g                 energy_consumption_fitted, LA_CODE == 00FD
energy_cons~d83 float   %9.0g                 energy_consumption_fitted, LA_CODE == 00FF
energy_cons~d84 float   %9.0g                 energy_consumption_fitted, LA_CODE == 00FK
energy_cons~d85 float   %9.0g                 energy_consumption_fitted, LA_CODE == 00FN
energy_cons~d86 float   %9.0g                 energy_consumption_fitted, LA_CODE == 00FP
energy_cons~d87 float   %9.0g                 energy_consumption_fitted, LA_CODE == 00FY
energy_cons~d88 float   %9.0g                 energy_consumption_fitted, LA_CODE == 00GA
energy_cons~d89 float   %9.0g                 energy_consumption_fitted, LA_CODE == 00GF
energy_cons~d90 float   %9.0g                 energy_consumption_fitted, LA_CODE == 00GL
energy_cons~d91 float   %9.0g                 energy_consumption_fitted, LA_CODE == 00HA
energy_cons~d92 float   %9.0g                 energy_consumption_fitted, LA_CODE == 00HB
energy_cons~d93 float   %9.0g                 energy_consumption_fitted, LA_CODE == 00HC
energy_cons~d94 float   %9.0g                 energy_consumption_fitted, LA_CODE == 00HD
energy_cons~d95 float   %9.0g                 energy_consumption_fitted, LA_CODE == 00HG
energy_cons~d96 float   %9.0g                 energy_consumption_fitted, LA_CODE == 00HH
energy_cons~d97 float   %9.0g                 energy_consumption_fitted, LA_CODE == 00HN
energy_cons~d98 float   %9.0g                 energy_consumption_fitted, LA_CODE == 00HP
energy_cons~d99 float   %9.0g                 energy_consumption_fitted, LA_CODE == 00HX
energy_con~d100 float   %9.0g                 energy_consumption_fitted, LA_CODE == 00JA
energy_con~d101 float   %9.0g                 energy_consumption_fitted, LA_CODE == 00KA
energy_con~d102 float   %9.0g                 energy_consumption_fitted, LA_CODE == 00KF
energy_con~d103 float   %9.0g                 energy_consumption_fitted, LA_CODE == 00KG
energy_con~d104 float   %9.0g                 energy_consumption_fitted, LA_CODE == 00LC
energy_con~d105 float   %9.0g                 energy_consumption_fitted, LA_CODE == 00MA
energy_con~d106 float   %9.0g                 energy_consumption_fitted, LA_CODE == 00MB
energy_con~d107 float   %9.0g                 energy_consumption_fitted, LA_CODE == 00MC
energy_con~d108 float   %9.0g                 energy_consumption_fitted, LA_CODE == 00MD
energy_con~d109 float   %9.0g                 energy_consumption_fitted, LA_CODE == 00ME
energy_con~d110 float   %9.0g                 energy_consumption_fitted, LA_CODE == 00MF
energy_con~d111 float   %9.0g                 energy_consumption_fitted, LA_CODE == 00MG
energy_con~d112 float   %9.0g                 energy_consumption_fitted, LA_CODE == 00ML
energy_con~d113 float   %9.0g                 energy_consumption_fitted, LA_CODE == 00MR
energy_con~d114 float   %9.0g                 energy_consumption_fitted, LA_CODE == 00MS
energy_con~d115 float   %9.0g                 energy_consumption_fitted, LA_CODE == 00MW
energy_con~d116 float   %9.0g                 energy_consumption_fitted, LA_CODE == 00NA
energy_con~d117 float   %9.0g                 energy_consumption_fitted, LA_CODE == 00NC
energy_con~d118 float   %9.0g                 energy_consumption_fitted, LA_CODE == 00NE
energy_con~d119 float   %9.0g                 energy_consumption_fitted, LA_CODE == 00NG
energy_con~d120 float   %9.0g                 energy_consumption_fitted, LA_CODE == 00NJ
energy_con~d121 float   %9.0g                 energy_consumption_fitted, LA_CODE == 00NL
energy_con~d122 float   %9.0g                 energy_consumption_fitted, LA_CODE == 00NN
energy_con~d123 float   %9.0g                 energy_consumption_fitted, LA_CODE == 00NQ
energy_con~d124 float   %9.0g                 energy_consumption_fitted, LA_CODE == 00NS
energy_con~d125 float   %9.0g                 energy_consumption_fitted, LA_CODE == 00NU
energy_con~d126 float   %9.0g                 energy_consumption_fitted, LA_CODE == 00NX
energy_con~d127 float   %9.0g                 energy_consumption_fitted, LA_CODE == 00NZ
energy_con~d128 float   %9.0g                 energy_consumption_fitted, LA_CODE == 00PB
energy_con~d129 float   %9.0g                 energy_consumption_fitted, LA_CODE == 00PD
energy_con~d130 float   %9.0g                 energy_consumption_fitted, LA_CODE == 00PF
energy_con~d131 float   %9.0g                 energy_consumption_fitted, LA_CODE == 00PH
energy_con~d132 float   %9.0g                 energy_consumption_fitted, LA_CODE == 00PK
energy_con~d133 float   %9.0g                 energy_consumption_fitted, LA_CODE == 00PL
energy_con~d134 float   %9.0g                 energy_consumption_fitted, LA_CODE == 00PM
energy_con~d135 float   %9.0g                 energy_consumption_fitted, LA_CODE == 00PP
energy_con~d136 float   %9.0g                 energy_consumption_fitted, LA_CODE == 00PR
energy_con~d137 float   %9.0g                 energy_consumption_fitted, LA_CODE == 00PT
energy_con~d138 float   %9.0g                 energy_consumption_fitted, LA_CODE == 09UC
energy_con~d139 float   %9.0g                 energy_consumption_fitted, LA_CODE == 09UD
energy_con~d140 float   %9.0g                 energy_consumption_fitted, LA_CODE == 09UE
energy_con~d141 float   %9.0g                 energy_consumption_fitted, LA_CODE == 11UB
energy_con~d142 float   %9.0g                 energy_consumption_fitted, LA_CODE == 11UC
energy_con~d143 float   %9.0g                 energy_consumption_fitted, LA_CODE == 11UE
energy_con~d144 float   %9.0g                 energy_consumption_fitted, LA_CODE == 11UF
energy_con~d145 float   %9.0g                 energy_consumption_fitted, LA_CODE == 12UB
energy_con~d146 float   %9.0g                 energy_consumption_fitted, LA_CODE == 12UC
energy_con~d147 float   %9.0g                 energy_consumption_fitted, LA_CODE == 12UD
energy_con~d148 float   %9.0g                 energy_consumption_fitted, LA_CODE == 12UE
energy_con~d149 float   %9.0g                 energy_consumption_fitted, LA_CODE == 12UG
energy_con~d150 float   %9.0g                 energy_consumption_fitted, LA_CODE == 13UB
energy_con~d151 float   %9.0g                 energy_consumption_fitted, LA_CODE == 13UC
energy_con~d152 float   %9.0g                 energy_consumption_fitted, LA_CODE == 13UD
energy_con~d153 float   %9.0g                 energy_consumption_fitted, LA_CODE == 13UE
energy_con~d154 float   %9.0g                 energy_consumption_fitted, LA_CODE == 13UG
energy_con~d155 float   %9.0g                 energy_consumption_fitted, LA_CODE == 13UH
energy_con~d156 float   %9.0g                 energy_consumption_fitted, LA_CODE == 15UB
energy_con~d157 float   %9.0g                 energy_consumption_fitted, LA_CODE == 15UC
energy_con~d158 float   %9.0g                 energy_consumption_fitted, LA_CODE == 15UD
energy_con~d159 float   %9.0g                 energy_consumption_fitted, LA_CODE == 15UE
energy_con~d160 float   %9.0g                 energy_consumption_fitted, LA_CODE == 15UF
energy_con~d161 float   %9.0g                 energy_consumption_fitted, LA_CODE == 15UG
energy_con~d162 int     %9.0g                 energy_consumption_fitted, LA_CODE == 15UH
energy_con~d163 float   %9.0g                 energy_consumption_fitted, LA_CODE == 16UB
energy_con~d164 float   %9.0g                 energy_consumption_fitted, LA_CODE == 16UC
energy_con~d165 float   %9.0g                 energy_consumption_fitted, LA_CODE == 16UD
energy_con~d166 float   %9.0g                 energy_consumption_fitted, LA_CODE == 16UE
energy_con~d167 float   %9.0g                 energy_consumption_fitted, LA_CODE == 16UF
energy_con~d168 float   %9.0g                 energy_consumption_fitted, LA_CODE == 16UG
energy_con~d169 float   %9.0g                 energy_consumption_fitted, LA_CODE == 17UB
energy_con~d170 float   %9.0g                 energy_consumption_fitted, LA_CODE == 17UC
energy_con~d171 float   %9.0g                 energy_consumption_fitted, LA_CODE == 17UD
energy_con~d172 float   %9.0g                 energy_consumption_fitted, LA_CODE == 17UF
energy_con~d173 float   %9.0g                 energy_consumption_fitted, LA_CODE == 17UG
energy_con~d174 float   %9.0g                 energy_consumption_fitted, LA_CODE == 17UH
energy_con~d175 float   %9.0g                 energy_consumption_fitted, LA_CODE == 17UJ
energy_con~d176 float   %9.0g                 energy_consumption_fitted, LA_CODE == 17UK
energy_con~d177 float   %9.0g                 energy_consumption_fitted, LA_CODE == 18UB
energy_con~d178 float   %9.0g                 energy_consumption_fitted, LA_CODE == 18UC
energy_con~d179 float   %9.0g                 energy_consumption_fitted, LA_CODE == 18UD
energy_con~d180 float   %9.0g                 energy_consumption_fitted, LA_CODE == 18UE
energy_con~d181 float   %9.0g                 energy_consumption_fitted, LA_CODE == 18UG
energy_con~d182 float   %9.0g                 energy_consumption_fitted, LA_CODE == 18UH
energy_con~d183 float   %9.0g                 energy_consumption_fitted, LA_CODE == 18UK
energy_con~d184 float   %9.0g                 energy_consumption_fitted, LA_CODE == 18UL
energy_con~d185 float   %9.0g                 energy_consumption_fitted, LA_CODE == 19UC
energy_con~d186 float   %9.0g                 energy_consumption_fitted, LA_CODE == 19UD
energy_con~d187 float   %9.0g                 energy_consumption_fitted, LA_CODE == 19UE
energy_con~d188 float   %9.0g                 energy_consumption_fitted, LA_CODE == 19UG
energy_con~d189 float   %9.0g                 energy_consumption_fitted, LA_CODE == 19UH
energy_con~d190 float   %9.0g                 energy_consumption_fitted, LA_CODE == 19UJ
energy_con~d191 float   %9.0g                 energy_consumption_fitted, LA_CODE == 20UB
energy_con~d192 float   %9.0g                 energy_consumption_fitted, LA_CODE == 20UD
energy_con~d193 float   %9.0g                 energy_consumption_fitted, LA_CODE == 20UE
energy_con~d194 float   %9.0g                 energy_consumption_fitted, LA_CODE == 20UF
energy_con~d195 float   %9.0g                 energy_consumption_fitted, LA_CODE == 20UG
energy_con~d196 float   %9.0g                 energy_consumption_fitted, LA_CODE == 20UH
energy_con~d197 float   %9.0g                 energy_consumption_fitted, LA_CODE == 20UJ
energy_con~d198 float   %9.0g                 energy_consumption_fitted, LA_CODE == 21UC
energy_con~d199 float   %9.0g                 energy_consumption_fitted, LA_CODE == 21UD
energy_con~d200 float   %9.0g                 energy_consumption_fitted, LA_CODE == 21UF
energy_con~d201 float   %9.0g                 energy_consumption_fitted, LA_CODE == 21UG
energy_con~d202 float   %9.0g                 energy_consumption_fitted, LA_CODE == 21UH
energy_con~d203 float   %9.0g                 energy_consumption_fitted, LA_CODE == 22UB
energy_con~d204 float   %9.0g                 energy_consumption_fitted, LA_CODE == 22UC
energy_con~d205 float   %9.0g                 energy_consumption_fitted, LA_CODE == 22UD
energy_con~d206 float   %9.0g                 energy_consumption_fitted, LA_CODE == 22UE
energy_con~d207 float   %9.0g                 energy_consumption_fitted, LA_CODE == 22UF
energy_con~d208 float   %9.0g                 energy_consumption_fitted, LA_CODE == 22UG
energy_con~d209 float   %9.0g                 energy_consumption_fitted, LA_CODE == 22UH
energy_con~d210 float   %9.0g                 energy_consumption_fitted, LA_CODE == 22UJ
energy_con~d211 float   %9.0g                 energy_consumption_fitted, LA_CODE == 22UK
energy_con~d212 float   %9.0g                 energy_consumption_fitted, LA_CODE == 22UL
energy_con~d213 float   %9.0g                 energy_consumption_fitted, LA_CODE == 22UN
energy_con~d214 float   %9.0g                 energy_consumption_fitted, LA_CODE == 22UQ
energy_con~d215 float   %9.0g                 energy_consumption_fitted, LA_CODE == 23UB
energy_con~d216 float   %9.0g                 energy_consumption_fitted, LA_CODE == 23UC
energy_con~d217 float   %9.0g                 energy_consumption_fitted, LA_CODE == 23UD
energy_con~d218 float   %9.0g                 energy_consumption_fitted, LA_CODE == 23UE
energy_con~d219 float   %9.0g                 energy_consumption_fitted, LA_CODE == 23UF
energy_con~d220 float   %9.0g                 energy_consumption_fitted, LA_CODE == 23UG
energy_con~d221 float   %9.0g                 energy_consumption_fitted, LA_CODE == 24UB
energy_con~d222 float   %9.0g                 energy_consumption_fitted, LA_CODE == 24UC
energy_con~d223 float   %9.0g                 energy_consumption_fitted, LA_CODE == 24UD
energy_con~d224 float   %9.0g                 energy_consumption_fitted, LA_CODE == 24UE
energy_con~d225 float   %9.0g                 energy_consumption_fitted, LA_CODE == 24UF
energy_con~d226 float   %9.0g                 energy_consumption_fitted, LA_CODE == 24UG
energy_con~d227 float   %9.0g                 energy_consumption_fitted, LA_CODE == 24UH
energy_con~d228 float   %9.0g                 energy_consumption_fitted, LA_CODE == 24UJ
energy_con~d229 float   %9.0g                 energy_consumption_fitted, LA_CODE == 24UL
energy_con~d230 float   %9.0g                 energy_consumption_fitted, LA_CODE == 24UN
energy_con~d231 float   %9.0g                 energy_consumption_fitted, LA_CODE == 24UP
energy_con~d232 float   %9.0g                 energy_consumption_fitted, LA_CODE == 26UB
energy_con~d233 float   %9.0g                 energy_consumption_fitted, LA_CODE == 26UC
energy_con~d234 float   %9.0g                 energy_consumption_fitted, LA_CODE == 26UD
energy_con~d235 float   %9.0g                 energy_consumption_fitted, LA_CODE == 26UE
energy_con~d236 float   %9.0g                 energy_consumption_fitted, LA_CODE == 26UF
energy_con~d237 float   %9.0g                 energy_consumption_fitted, LA_CODE == 26UG
energy_con~d238 float   %9.0g                 energy_consumption_fitted, LA_CODE == 26UH
energy_con~d239 float   %9.0g                 energy_consumption_fitted, LA_CODE == 26UJ
energy_con~d240 float   %9.0g                 energy_consumption_fitted, LA_CODE == 26UK
energy_con~d241 float   %9.0g                 energy_consumption_fitted, LA_CODE == 26UL
energy_con~d242 float   %9.0g                 energy_consumption_fitted, LA_CODE == 29UB
energy_con~d243 float   %9.0g                 energy_consumption_fitted, LA_CODE == 29UC
energy_con~d244 float   %9.0g                 energy_consumption_fitted, LA_CODE == 29UD
energy_con~d245 float   %9.0g                 energy_consumption_fitted, LA_CODE == 29UE
energy_con~d246 float   %9.0g                 energy_consumption_fitted, LA_CODE == 29UG
energy_con~d247 float   %9.0g                 energy_consumption_fitted, LA_CODE == 29UH
energy_con~d248 float   %9.0g                 energy_consumption_fitted, LA_CODE == 29UK
energy_con~d249 float   %9.0g                 energy_consumption_fitted, LA_CODE == 29UL
energy_con~d250 float   %9.0g                 energy_consumption_fitted, LA_CODE == 29UM
energy_con~d251 float   %9.0g                 energy_consumption_fitted, LA_CODE == 29UN
energy_con~d252 float   %9.0g                 energy_consumption_fitted, LA_CODE == 29UP
energy_con~d253 float   %9.0g                 energy_consumption_fitted, LA_CODE == 29UQ
energy_con~d254 float   %9.0g                 energy_consumption_fitted, LA_CODE == 30UD
energy_con~d255 float   %9.0g                 energy_consumption_fitted, LA_CODE == 30UE
energy_con~d256 float   %9.0g                 energy_consumption_fitted, LA_CODE == 30UF
energy_con~d257 float   %9.0g                 energy_consumption_fitted, LA_CODE == 30UG
energy_con~d258 float   %9.0g                 energy_consumption_fitted, LA_CODE == 30UH
energy_con~d259 float   %9.0g                 energy_consumption_fitted, LA_CODE == 30UJ
energy_con~d260 float   %9.0g                 energy_consumption_fitted, LA_CODE == 30UK
energy_con~d261 float   %9.0g                 energy_consumption_fitted, LA_CODE == 30UL
energy_con~d262 float   %9.0g                 energy_consumption_fitted, LA_CODE == 30UM
energy_con~d263 float   %9.0g                 energy_consumption_fitted, LA_CODE == 30UN
energy_con~d264 float   %9.0g                 energy_consumption_fitted, LA_CODE == 30UP
energy_con~d265 float   %9.0g                 energy_consumption_fitted, LA_CODE == 30UQ
energy_con~d266 float   %9.0g                 energy_consumption_fitted, LA_CODE == 31UB
energy_con~d267 float   %9.0g                 energy_consumption_fitted, LA_CODE == 31UC
energy_con~d268 float   %9.0g                 energy_consumption_fitted, LA_CODE == 31UD
energy_con~d269 float   %9.0g                 energy_consumption_fitted, LA_CODE == 31UE
energy_con~d270 float   %9.0g                 energy_consumption_fitted, LA_CODE == 31UG
energy_con~d271 float   %9.0g                 energy_consumption_fitted, LA_CODE == 31UH
energy_con~d272 float   %9.0g                 energy_consumption_fitted, LA_CODE == 31UJ
energy_con~d273 float   %9.0g                 energy_consumption_fitted, LA_CODE == 32UB
energy_con~d274 float   %9.0g                 energy_consumption_fitted, LA_CODE == 32UC
energy_con~d275 float   %9.0g                 energy_consumption_fitted, LA_CODE == 32UD
energy_con~d276 float   %9.0g                 energy_consumption_fitted, LA_CODE == 32UE
energy_con~d277 float   %9.0g                 energy_consumption_fitted, LA_CODE == 32UF
energy_con~d278 float   %9.0g                 energy_consumption_fitted, LA_CODE == 32UG
energy_con~d279 float   %9.0g                 energy_consumption_fitted, LA_CODE == 32UH
energy_con~d280 float   %9.0g                 energy_consumption_fitted, LA_CODE == 33UB
energy_con~d281 float   %9.0g                 energy_consumption_fitted, LA_CODE == 33UC
energy_con~d282 float   %9.0g                 energy_consumption_fitted, LA_CODE == 33UD
energy_con~d283 float   %9.0g                 energy_consumption_fitted, LA_CODE == 33UE
energy_con~d284 float   %9.0g                 energy_consumption_fitted, LA_CODE == 33UF
energy_con~d285 float   %9.0g                 energy_consumption_fitted, LA_CODE == 33UG
energy_con~d286 float   %9.0g                 energy_consumption_fitted, LA_CODE == 33UH
energy_con~d287 float   %9.0g                 energy_consumption_fitted, LA_CODE == 34UB
energy_con~d288 float   %9.0g                 energy_consumption_fitted, LA_CODE == 34UC
energy_con~d289 float   %9.0g                 energy_consumption_fitted, LA_CODE == 34UD
energy_con~d290 float   %9.0g                 energy_consumption_fitted, LA_CODE == 34UE
energy_con~d291 float   %9.0g                 energy_consumption_fitted, LA_CODE == 34UF
energy_con~d292 float   %9.0g                 energy_consumption_fitted, LA_CODE == 34UG
energy_con~d293 float   %9.0g                 energy_consumption_fitted, LA_CODE == 34UH
energy_con~d294 float   %9.0g                 energy_consumption_fitted, LA_CODE == 35UB
energy_con~d295 float   %9.0g                 energy_consumption_fitted, LA_CODE == 35UC
energy_con~d296 float   %9.0g                 energy_consumption_fitted, LA_CODE == 35UD
energy_con~d297 float   %9.0g                 energy_consumption_fitted, LA_CODE == 35UE
energy_con~d298 float   %9.0g                 energy_consumption_fitted, LA_CODE == 35UF
energy_con~d299 float   %9.0g                 energy_consumption_fitted, LA_CODE == 35UG
energy_con~d300 float   %9.0g                 energy_consumption_fitted, LA_CODE == 36UB
energy_con~d301 float   %9.0g                 energy_consumption_fitted, LA_CODE == 36UC
energy_con~d302 float   %9.0g                 energy_consumption_fitted, LA_CODE == 36UD
energy_con~d303 float   %9.0g                 energy_consumption_fitted, LA_CODE == 36UE
energy_con~d304 float   %9.0g                 energy_consumption_fitted, LA_CODE == 36UF
energy_con~d305 float   %9.0g                 energy_consumption_fitted, LA_CODE == 36UG
energy_con~d306 float   %9.0g                 energy_consumption_fitted, LA_CODE == 36UH
energy_con~d307 float   %9.0g                 energy_consumption_fitted, LA_CODE == 37UB
energy_con~d308 float   %9.0g                 energy_consumption_fitted, LA_CODE == 37UC
energy_con~d309 float   %9.0g                 energy_consumption_fitted, LA_CODE == 37UD
energy_con~d310 float   %9.0g                 energy_consumption_fitted, LA_CODE == 37UE
energy_con~d311 float   %9.0g                 energy_consumption_fitted, LA_CODE == 37UF
energy_con~d312 float   %9.0g                 energy_consumption_fitted, LA_CODE == 37UG
energy_con~d313 float   %9.0g                 energy_consumption_fitted, LA_CODE == 37UJ
energy_con~d314 float   %9.0g                 energy_consumption_fitted, LA_CODE == 38UB
energy_con~d315 float   %9.0g                 energy_consumption_fitted, LA_CODE == 38UC
energy_con~d316 float   %9.0g                 energy_consumption_fitted, LA_CODE == 38UD
energy_con~d317 float   %9.0g                 energy_consumption_fitted, LA_CODE == 38UE
energy_con~d318 float   %9.0g                 energy_consumption_fitted, LA_CODE == 38UF
energy_con~d319 float   %9.0g                 energy_consumption_fitted, LA_CODE == 39UB
energy_con~d320 float   %9.0g                 energy_consumption_fitted, LA_CODE == 39UC
energy_con~d321 float   %9.0g                 energy_consumption_fitted, LA_CODE == 39UD
energy_con~d322 float   %9.0g                 energy_consumption_fitted, LA_CODE == 39UE
energy_con~d323 float   %9.0g                 energy_consumption_fitted, LA_CODE == 39UF
energy_con~d324 float   %9.0g                 energy_consumption_fitted, LA_CODE == 40UB
energy_con~d325 float   %9.0g                 energy_consumption_fitted, LA_CODE == 40UC
energy_con~d326 float   %9.0g                 energy_consumption_fitted, LA_CODE == 40UD
energy_con~d327 float   %9.0g                 energy_consumption_fitted, LA_CODE == 40UE
energy_con~d328 float   %9.0g                 energy_consumption_fitted, LA_CODE == 40UF
energy_con~d329 float   %9.0g                 energy_consumption_fitted, LA_CODE == 41UB
energy_con~d330 float   %9.0g                 energy_consumption_fitted, LA_CODE == 41UC
energy_con~d331 float   %9.0g                 energy_consumption_fitted, LA_CODE == 41UD
energy_con~d332 float   %9.0g                 energy_consumption_fitted, LA_CODE == 41UE
energy_con~d333 float   %9.0g                 energy_consumption_fitted, LA_CODE == 41UF
energy_con~d334 float   %9.0g                 energy_consumption_fitted, LA_CODE == 41UG
energy_con~d335 float   %9.0g                 energy_consumption_fitted, LA_CODE == 41UH
energy_con~d336 float   %9.0g                 energy_consumption_fitted, LA_CODE == 41UK
energy_con~d337 float   %9.0g                 energy_consumption_fitted, LA_CODE == 42UB
energy_con~d338 float   %9.0g                 energy_consumption_fitted, LA_CODE == 42UC
energy_con~d339 float   %9.0g                 energy_consumption_fitted, LA_CODE == 42UD
energy_con~d340 float   %9.0g                 energy_consumption_fitted, LA_CODE == 42UE
energy_con~d341 float   %9.0g                 energy_consumption_fitted, LA_CODE == 42UF
energy_con~d342 float   %9.0g                 energy_consumption_fitted, LA_CODE == 42UG
energy_con~d343 float   %9.0g                 energy_consumption_fitted, LA_CODE == 42UH
energy_con~d344 float   %9.0g                 energy_consumption_fitted, LA_CODE == 43UB
energy_con~d345 float   %9.0g                 energy_consumption_fitted, LA_CODE == 43UC
energy_con~d346 float   %9.0g                 energy_consumption_fitted, LA_CODE == 43UD
energy_con~d347 float   %9.0g                 energy_consumption_fitted, LA_CODE == 43UE
energy_con~d348 float   %9.0g                 energy_consumption_fitted, LA_CODE == 43UF
energy_con~d349 float   %9.0g                 energy_consumption_fitted, LA_CODE == 43UG
energy_con~d350 float   %9.0g                 energy_consumption_fitted, LA_CODE == 43UH
energy_con~d351 float   %9.0g                 energy_consumption_fitted, LA_CODE == 43UJ
energy_con~d352 float   %9.0g                 energy_consumption_fitted, LA_CODE == 43UK
energy_con~d353 float   %9.0g                 energy_consumption_fitted, LA_CODE == 43UL
energy_con~d354 float   %9.0g                 energy_consumption_fitted, LA_CODE == 43UM
energy_con~d355 float   %9.0g                 energy_consumption_fitted, LA_CODE == 44UB
energy_con~d356 float   %9.0g                 energy_consumption_fitted, LA_CODE == 44UC
energy_con~d357 float   %9.0g                 energy_consumption_fitted, LA_CODE == 44UD
energy_con~d358 float   %9.0g                 energy_consumption_fitted, LA_CODE == 44UE
energy_con~d359 float   %9.0g                 energy_consumption_fitted, LA_CODE == 44UF
energy_con~d360 float   %9.0g                 energy_consumption_fitted, LA_CODE == 45UB
energy_con~d361 float   %9.0g                 energy_consumption_fitted, LA_CODE == 45UC
energy_con~d362 float   %9.0g                 energy_consumption_fitted, LA_CODE == 45UD
energy_con~d363 float   %9.0g                 energy_consumption_fitted, LA_CODE == 45UE
energy_con~d364 float   %9.0g                 energy_consumption_fitted, LA_CODE == 45UF
energy_con~d365 float   %9.0g                 energy_consumption_fitted, LA_CODE == 45UG
energy_con~d366 float   %9.0g                 energy_consumption_fitted, LA_CODE == 45UH
energy_con~d367 float   %9.0g                 energy_consumption_fitted, LA_CODE == 46UB
energy_con~d368 float   %9.0g                 energy_consumption_fitted, LA_CODE == 46UC
energy_con~d369 float   %9.0g                 energy_consumption_fitted, LA_CODE == 46UD
energy_con~d370 float   %9.0g                 energy_consumption_fitted, LA_CODE == 46UF
energy_con~d371 float   %9.0g                 energy_consumption_fitted, LA_CODE == 47UB
energy_con~d372 float   %9.0g                 energy_consumption_fitted, LA_CODE == 47UC
energy_con~d373 float   %9.0g                 energy_consumption_fitted, LA_CODE == 47UD
energy_con~d374 float   %9.0g                 energy_consumption_fitted, LA_CODE == 47UE
energy_con~d375 float   %9.0g                 energy_consumption_fitted, LA_CODE == 47UF
energy_con~d376 float   %9.0g                 energy_consumption_fitted, LA_CODE == 47UG

. 
. graph twoway (scatter energy_consumption1-energy_consumption80 income_est) ///
>         (line energy_consumption_fitted1-energy_consumption_fitted80 income_est), legend(off) 

.         
. 
. esttab ols fe using table1.tex, replace
(output written to table1.tex)

. 
. capture log close
