---------------------------------------------------------------------------------------------------------------------------------------------------------------
      name:  <unnamed>
       log:  C:\Users\m.callaghan\Documents\GitHub\panel_methods_slides\stata_guide\stata\logs/foCrime_reshape.log
  log type:  text
 opened on:  26 Jan 2016, 15:33:11

. *@*lstart
. rename(BarkingDagenham-Westminster) FoC=

. reshape long FoC, i(MonthYear) j(Borough) string
(note: j = BarkingDagenham Barnet Bexley Brent Bromley Camden Croydon Ealing Enfield Greenwich Hackney HammersmithFulham Haringey Harrow Havering Hillingdon Ho
> unslow Islington KensingtonChelsea KingstonuponThames Lambeth Lewisham Merton Newham Redbridge RichmonduponThames Southwark Sutton TowerHamlets WalthamForest
>  Wandsworth Westminster)

Data                               wide   ->   long
-----------------------------------------------------------------------------
Number of obs.                       26   ->     832
Number of variables                  34   ->       4
j variable (32 values)                    ->   Borough
xij variables:
FoCBarkingDagenham FoCBarnet ... FoCWestminster->FoC
-----------------------------------------------------------------------------

. label variable FoC "Fear of Crime-Borough"

. *@*lend
. cap log close
