--------------------------------------------------------------------------------
      name:  <unnamed>
       log:  C:\Users\m.callaghan\Documents\GitHub\panel_methods_slides\assignme
> nt\stata\stern_assignment_q5.log
  log type:  text
 opened on:   4 Nov 2015, 13:52:45

. *regress using pooled ols
. reg lsopc lgdp lgdpsq

      Source |       SS           df       MS      Number of obs   =     2,294
-------------+----------------------------------   F(2, 2291)      =    679.91
       Model |  3019.46587         2  1509.73294   Prob > F        =    0.0000
    Residual |  5087.10815     2,291  2.22047497   R-squared       =    0.3725
-------------+----------------------------------   Adj R-squared   =    0.3719
       Total |  8106.57402     2,293  3.53535718   Root MSE        =    1.4901

------------------------------------------------------------------------------
       lsopc |      Coef.   Std. Err.      t    P>|t|     [95% Conf. Interval]
-------------+----------------------------------------------------------------
        lgdp |    1.82093   .4380234     4.16   0.000     .9619664    2.679894
      lgdpsq |  -.0417549   .0271007    -1.54   0.124    -.0948993    .0113895
       _cons |  -17.02817   1.752482    -9.72   0.000    -20.46478   -13.59155
------------------------------------------------------------------------------

. est store pooled

. log close
      name:  <unnamed>
       log:  C:\Users\m.callaghan\Documents\GitHub\panel_methods_slides\assignme
> nt\stata\stern_assignment_q5.log
  log type:  text
 closed on:   4 Nov 2015, 13:52:45
--------------------------------------------------------------------------------
