----------------------------------------------------------------------------------------------------------------------------------------------------------------------------------
      name:  <unnamed>
       log:  C:\Users\m.callaghan\Documents\Github\panel_methods_slides\assignment\stata\stern_assignment.log
  log type:  text
 opened on:  22 Oct 2015, 11:52:56

. 
. import delimited ../data/stern2.dat, delimiters("\t ",collapse)
(8 vars, 2294 obs)

. 
. sum

    Variable |        Obs        Mean    Std. Dev.       Min        Max
-------------+---------------------------------------------------------
        year |      2,294        1975    8.946222       1960       1990
     country |      2,294    90.68919    38.53706          1        147
         pop |      2,294    47466.11    130444.3        231    1133683
          so |      2,294    703.0267    1991.168        .01   14213.89
      gdpppp |      2,294    5359.908    6244.168        303   80830.76
-------------+---------------------------------------------------------
        sopc |      2,294    .0215023    .0366821   8.90e-07   .4655517
          oe |      2,294    1689.189    462.9264       1000       2000
          v8 |          0

. 
. cap gen lgdp = log(gdpppp)

. 
. 
. 
. 
. 
. 
. 
. 
. 
. 
. capture log close
