-------------------------------------------------------------------------------------------------------------------------------------------------------------------------------------------
      name:  <unnamed>
       log:  C:\Users\j.heemann-minx\Documents\GitHub\panel_methods_slides\sw\stata\logs\5_lpm.log
  log type:  text
 opened on:  23 Nov 2015, 20:30:10

. *@*lstart;
.  ** define list of basic regressors;
. local controls pi_rat hse_inc ltv_med ltv_high ccred mcred pubrec denpmi selfemp;

. ** col(1);
. regress deny i.black `controls', r;

Linear regression                                      Number of obs =    2380
                                                       F( 10,  2369) =   67.22
                                                       Prob > F      =  0.0000
                                                       R-squared     =  0.2663
                                                       Root MSE      =  .27875

------------------------------------------------------------------------------
             |               Robust
        deny |      Coef.   Std. Err.      t    P>|t|     [95% Conf. Interval]
-------------+----------------------------------------------------------------
     1.black |   .0836967   .0225623     3.71   0.000     .0394529    .1279406
      pi_rat |   .4487963   .1135962     3.95   0.000     .2260381    .6715545
     hse_inc |  -.0480226    .109559    -0.44   0.661     -.262864    .1668187
     ltv_med |   .0314498   .0127391     2.47   0.014     .0064688    .0564308
    ltv_high |   .1890511   .0501681     3.77   0.000     .0906732     .287429
       ccred |   .0307716   .0045843     6.71   0.000     .0217819    .0397612
       mcred |   .0209104   .0112898     1.85   0.064    -.0012284    .0430493
      pubrec |   .1970876   .0348812     5.65   0.000     .1286867    .2654885
      denpmi |   .7018841   .0451051    15.56   0.000     .6134345    .7903337
     selfemp |   .0598438   .0205233     2.92   0.004     .0195983    .1000894
       _cons |  -.1829933   .0276729    -6.61   0.000    -.2372589   -.1287277
------------------------------------------------------------------------------

. eststo LPM;

. *@*lend;
. cap log close;
